<?xml version="1.0"?>
<!DOCTYPE coverage SYSTEM "http://cobertura.sourceforge.net/xml/coverage-04.dtd">

<coverage line-rate="0.6726804123711341" branch-rate="0.5405405405405406" lines-covered="783" lines-valid="1164" branches-covered="160" branches-valid="296" complexity="1.605263157894737" version="2.1.1" timestamp="1527645637224">
	<sources>
		<source>C:/Users/mhmtnasif/Library-Application/src/main/java</source>
		<source>--source</source>
	</sources>
	<packages>
		<package name="com.mhmtnasif.library_app.beans" line-rate="0.6721556886227545" branch-rate="0.6238532110091743" complexity="1.5945945945945945">
			<classes>
				<class name="com.mhmtnasif.library_app.beans.AddedBean" filename="com/mhmtnasif/library_app/beans/AddedBean.java" line-rate="0.7272727272727273" branch-rate="0.9" complexity="1.1923076923076923">
					<methods>
						<method name="&lt;init&gt;" signature="()V" line-rate="1.0" branch-rate="1.0" complexity="0">
							<lines>
								<line number="17" hits="55" branch="false"/>
								<line number="19" hits="55" branch="false"/>
							</lines>
						</method>
						<method name="cancel" signature="()V" line-rate="1.0" branch-rate="1.0" complexity="0">
							<lines>
								<line number="54" hits="7" branch="false"/>
								<line number="55" hits="7" branch="false"/>
							</lines>
						</method>
						<method name="first" signature="()V" line-rate="1.0" branch-rate="1.0" complexity="0">
							<lines>
								<line number="73" hits="14" branch="true" condition-coverage="% 100 (2/2)">
									<conditions>
										<condition number="0" type="jump" coverage="% 100"/>
									</conditions>
								</line>
								<line number="74" hits="7" branch="false"/>
								<line number="75" hits="7" branch="false"/>
								<line number="77" hits="14" branch="false"/>
							</lines>
						</method>
						<method name="getBooksList" signature="()Ljava/util/List;" line-rate="0.0" branch-rate="1.0" complexity="0">
							<lines>
								<line number="99" hits="0" branch="false"/>
							</lines>
						</method>
						<method name="getBooksPopModel" signature="()Lcom/mhmtnasif/library_app/entities/Books;" line-rate="1.0" branch-rate="1.0" complexity="0">
							<lines>
								<line number="107" hits="7" branch="false"/>
							</lines>
						</method>
						<method name="getCurrentPage" signature="()I" line-rate="1.0" branch-rate="1.0" complexity="0">
							<lines>
								<line number="139" hits="63" branch="false"/>
							</lines>
						</method>
						<method name="getRowsPerPage" signature="()I" line-rate="0.0" branch-rate="1.0" complexity="0">
							<lines>
								<line number="123" hits="0" branch="false"/>
							</lines>
						</method>
						<method name="getSearchText" signature="()Ljava/lang/String;" line-rate="0.0" branch-rate="1.0" complexity="0">
							<lines>
								<line number="155" hits="0" branch="false"/>
							</lines>
						</method>
						<method name="getTotalPageSize" signature="()I" line-rate="1.0" branch-rate="1.0" complexity="0">
							<lines>
								<line number="131" hits="6" branch="false"/>
							</lines>
						</method>
						<method name="getTotalRowSize" signature="()I" line-rate="0.0" branch-rate="1.0" complexity="0">
							<lines>
								<line number="147" hits="0" branch="false"/>
							</lines>
						</method>
						<method name="getUser" signature="()Lcom/mhmtnasif/library_app/entities/Users;" line-rate="0.0" branch-rate="1.0" complexity="0">
							<lines>
								<line number="163" hits="0" branch="false"/>
							</lines>
						</method>
						<method name="init" signature="()V" line-rate="0.375" branch-rate="0.5" complexity="0">
							<lines>
								<line number="33" hits="10" branch="false"/>
								<line number="34" hits="10" branch="true" condition-coverage="% 50 (1/2)">
									<conditions>
										<condition number="0" type="jump" coverage="% 50"/>
									</conditions>
								</line>
								<line number="35" hits="0" branch="false"/>
								<line number="36" hits="0" branch="false"/>
								<line number="37" hits="0" branch="false"/>
								<line number="38" hits="0" branch="false"/>
								<line number="39" hits="0" branch="false"/>
								<line number="42" hits="10" branch="false"/>
							</lines>
						</method>
						<method name="isPopup" signature="()Z" line-rate="1.0" branch-rate="1.0" complexity="0">
							<lines>
								<line number="115" hits="14" branch="false"/>
							</lines>
						</method>
						<method name="last" signature="()V" line-rate="1.0" branch-rate="1.0" complexity="0">
							<lines>
								<line number="80" hits="14" branch="false"/>
								<line number="81" hits="14" branch="false"/>
								<line number="82" hits="14" branch="false"/>
							</lines>
						</method>
						<method name="next" signature="()V" line-rate="1.0" branch-rate="1.0" complexity="0">
							<lines>
								<line number="59" hits="14" branch="true" condition-coverage="% 100 (2/2)">
									<conditions>
										<condition number="0" type="jump" coverage="% 100"/>
									</conditions>
								</line>
								<line number="60" hits="7" branch="false"/>
								<line number="61" hits="7" branch="false"/>
								<line number="63" hits="14" branch="false"/>
							</lines>
						</method>
						<method name="prev" signature="()V" line-rate="1.0" branch-rate="1.0" complexity="0">
							<lines>
								<line number="66" hits="14" branch="true" condition-coverage="% 100 (2/2)">
									<conditions>
										<condition number="0" type="jump" coverage="% 100"/>
									</conditions>
								</line>
								<line number="67" hits="7" branch="false"/>
								<line number="68" hits="7" branch="false"/>
								<line number="70" hits="14" branch="false"/>
							</lines>
						</method>
						<method name="searchResultList" signature="()V" line-rate="1.0" branch-rate="1.0" complexity="0">
							<lines>
								<line number="85" hits="16" branch="false"/>
								<line number="86" hits="16" branch="false"/>
								<line number="87" hits="16" branch="true" condition-coverage="% 100 (2/2)">
									<conditions>
										<condition number="0" type="jump" coverage="% 100"/>
									</conditions>
								</line>
								<line number="88" hits="6" branch="false"/>
								<line number="89" hits="6" branch="false"/>
								<line number="91" hits="10" branch="false"/>
								<line number="92" hits="10" branch="false"/>
								<line number="93" hits="10" branch="false"/>
								<line number="95" hits="16" branch="false"/>
							</lines>
						</method>
						<method name="setBooksList" signature="(Ljava/util/List;)V" line-rate="0.0" branch-rate="1.0" complexity="0">
							<lines>
								<line number="103" hits="0" branch="false"/>
								<line number="104" hits="0" branch="false"/>
							</lines>
						</method>
						<method name="setBooksPopModel" signature="(Lcom/mhmtnasif/library_app/entities/Books;)V" line-rate="0.0" branch-rate="1.0" complexity="0">
							<lines>
								<line number="111" hits="0" branch="false"/>
								<line number="112" hits="0" branch="false"/>
							</lines>
						</method>
						<method name="setCurrentPage" signature="(I)V" line-rate="1.0" branch-rate="1.0" complexity="0">
							<lines>
								<line number="143" hits="56" branch="false"/>
								<line number="144" hits="56" branch="false"/>
							</lines>
						</method>
						<method name="setPopup" signature="(Z)V" line-rate="0.0" branch-rate="1.0" complexity="0">
							<lines>
								<line number="119" hits="0" branch="false"/>
								<line number="120" hits="0" branch="false"/>
							</lines>
						</method>
						<method name="setRowsPerPage" signature="(I)V" line-rate="1.0" branch-rate="1.0" complexity="0">
							<lines>
								<line number="127" hits="55" branch="false"/>
								<line number="128" hits="55" branch="false"/>
							</lines>
						</method>
						<method name="setSearchText" signature="(Ljava/lang/String;)V" line-rate="1.0" branch-rate="1.0" complexity="0">
							<lines>
								<line number="159" hits="61" branch="false"/>
								<line number="160" hits="61" branch="false"/>
							</lines>
						</method>
						<method name="setTotalPageSize" signature="(I)V" line-rate="1.0" branch-rate="1.0" complexity="0">
							<lines>
								<line number="135" hits="28" branch="false"/>
								<line number="136" hits="28" branch="false"/>
							</lines>
						</method>
						<method name="setTotalRowSize" signature="(I)V" line-rate="0.0" branch-rate="1.0" complexity="0">
							<lines>
								<line number="151" hits="0" branch="false"/>
								<line number="152" hits="0" branch="false"/>
							</lines>
						</method>
						<method name="setUser" signature="(Lcom/mhmtnasif/library_app/entities/Users;)V" line-rate="1.0" branch-rate="1.0" complexity="0">
							<lines>
								<line number="167" hits="58" branch="false"/>
								<line number="168" hits="58" branch="false"/>
							</lines>
						</method>
						<method name="show" signature="(Lcom/mhmtnasif/library_app/entities/Books;)V" line-rate="1.0" branch-rate="1.0" complexity="0">
							<lines>
								<line number="46" hits="7" branch="false"/>
								<line number="47" hits="7" branch="false"/>
								<line number="49" hits="7" branch="false"/>
							</lines>
						</method>
					</methods>
					<lines>
						<line number="17" hits="55" branch="false"/>
						<line number="19" hits="55" branch="false"/>
						<line number="33" hits="10" branch="false"/>
						<line number="34" hits="10" branch="true" condition-coverage="% 50 (1/2)">
							<conditions>
								<condition number="0" type="jump" coverage="% 50"/>
							</conditions>
						</line>
						<line number="35" hits="0" branch="false"/>
						<line number="36" hits="0" branch="false"/>
						<line number="37" hits="0" branch="false"/>
						<line number="38" hits="0" branch="false"/>
						<line number="39" hits="0" branch="false"/>
						<line number="42" hits="10" branch="false"/>
						<line number="46" hits="7" branch="false"/>
						<line number="47" hits="7" branch="false"/>
						<line number="49" hits="7" branch="false"/>
						<line number="54" hits="7" branch="false"/>
						<line number="55" hits="7" branch="false"/>
						<line number="59" hits="14" branch="true" condition-coverage="% 100 (2/2)">
							<conditions>
								<condition number="0" type="jump" coverage="% 100"/>
							</conditions>
						</line>
						<line number="60" hits="7" branch="false"/>
						<line number="61" hits="7" branch="false"/>
						<line number="63" hits="14" branch="false"/>
						<line number="66" hits="14" branch="true" condition-coverage="% 100 (2/2)">
							<conditions>
								<condition number="0" type="jump" coverage="% 100"/>
							</conditions>
						</line>
						<line number="67" hits="7" branch="false"/>
						<line number="68" hits="7" branch="false"/>
						<line number="70" hits="14" branch="false"/>
						<line number="73" hits="14" branch="true" condition-coverage="% 100 (2/2)">
							<conditions>
								<condition number="0" type="jump" coverage="% 100"/>
							</conditions>
						</line>
						<line number="74" hits="7" branch="false"/>
						<line number="75" hits="7" branch="false"/>
						<line number="77" hits="14" branch="false"/>
						<line number="80" hits="14" branch="false"/>
						<line number="81" hits="14" branch="false"/>
						<line number="82" hits="14" branch="false"/>
						<line number="85" hits="16" branch="false"/>
						<line number="86" hits="16" branch="false"/>
						<line number="87" hits="16" branch="true" condition-coverage="% 100 (2/2)">
							<conditions>
								<condition number="0" type="jump" coverage="% 100"/>
							</conditions>
						</line>
						<line number="88" hits="6" branch="false"/>
						<line number="89" hits="6" branch="false"/>
						<line number="91" hits="10" branch="false"/>
						<line number="92" hits="10" branch="false"/>
						<line number="93" hits="10" branch="false"/>
						<line number="95" hits="16" branch="false"/>
						<line number="99" hits="0" branch="false"/>
						<line number="103" hits="0" branch="false"/>
						<line number="104" hits="0" branch="false"/>
						<line number="107" hits="7" branch="false"/>
						<line number="111" hits="0" branch="false"/>
						<line number="112" hits="0" branch="false"/>
						<line number="115" hits="14" branch="false"/>
						<line number="119" hits="0" branch="false"/>
						<line number="120" hits="0" branch="false"/>
						<line number="123" hits="0" branch="false"/>
						<line number="127" hits="55" branch="false"/>
						<line number="128" hits="55" branch="false"/>
						<line number="131" hits="6" branch="false"/>
						<line number="135" hits="28" branch="false"/>
						<line number="136" hits="28" branch="false"/>
						<line number="139" hits="63" branch="false"/>
						<line number="143" hits="56" branch="false"/>
						<line number="144" hits="56" branch="false"/>
						<line number="147" hits="0" branch="false"/>
						<line number="151" hits="0" branch="false"/>
						<line number="152" hits="0" branch="false"/>
						<line number="155" hits="0" branch="false"/>
						<line number="159" hits="61" branch="false"/>
						<line number="160" hits="61" branch="false"/>
						<line number="163" hits="0" branch="false"/>
						<line number="167" hits="58" branch="false"/>
						<line number="168" hits="58" branch="false"/>
					</lines>
				</class>
				<class name="com.mhmtnasif.library_app.beans.AuthorEditBean" filename="com/mhmtnasif/library_app/beans/AuthorEditBean.java" line-rate="0.78" branch-rate="0.7666666666666667" complexity="1.4838709677419355">
					<methods>
						<method name="&lt;init&gt;" signature="()V" line-rate="1.0" branch-rate="1.0" complexity="0">
							<lines>
								<line number="18" hits="89" branch="false"/>
								<line number="20" hits="89" branch="false"/>
								<line number="21" hits="89" branch="false"/>
							</lines>
						</method>
						<method name="cancelEdit" signature="()V" line-rate="1.0" branch-rate="1.0" complexity="0">
							<lines>
								<line number="70" hits="5" branch="false"/>
								<line number="71" hits="5" branch="false"/>
							</lines>
						</method>
						<method name="edit" signature="(Lcom/mhmtnasif/library_app/entities/Authors;)V" line-rate="1.0" branch-rate="1.0" complexity="0">
							<lines>
								<line number="43" hits="15" branch="false"/>
								<line number="44" hits="15" branch="false"/>
								<line number="46" hits="15" branch="false"/>
							</lines>
						</method>
						<method name="first" signature="()V" line-rate="1.0" branch-rate="1.0" complexity="0">
							<lines>
								<line number="114" hits="10" branch="true" condition-coverage="% 100 (2/2)">
									<conditions>
										<condition number="0" type="jump" coverage="% 100"/>
									</conditions>
								</line>
								<line number="115" hits="5" branch="false"/>
								<line number="116" hits="5" branch="false"/>
								<line number="118" hits="10" branch="false"/>
							</lines>
						</method>
						<method name="getAuthorList" signature="()Ljava/util/List;" line-rate="1.0" branch-rate="1.0" complexity="0">
							<lines>
								<line number="149" hits="144" branch="false"/>
							</lines>
						</method>
						<method name="getAuthorPopModel" signature="()Lcom/mhmtnasif/library_app/entities/Authors;" line-rate="1.0" branch-rate="1.0" complexity="0">
							<lines>
								<line number="157" hits="15" branch="false"/>
							</lines>
						</method>
						<method name="getAuthorsDao" signature="()Lcom/mhmtnasif/library_app/dao/AuthorsDao;" line-rate="0.0" branch-rate="1.0" complexity="0">
							<lines>
								<line number="173" hits="0" branch="false"/>
							</lines>
						</method>
						<method name="getBooksDao" signature="()Lcom/mhmtnasif/library_app/dao/BooksDao;" line-rate="0.0" branch-rate="1.0" complexity="0">
							<lines>
								<line number="181" hits="0" branch="false"/>
							</lines>
						</method>
						<method name="getCurrentPage" signature="()I" line-rate="1.0" branch-rate="1.0" complexity="0">
							<lines>
								<line number="205" hits="50" branch="false"/>
							</lines>
						</method>
						<method name="getRowsPerPage" signature="()I" line-rate="0.0" branch-rate="1.0" complexity="0">
							<lines>
								<line number="189" hits="0" branch="false"/>
							</lines>
						</method>
						<method name="getSearchText" signature="()Ljava/lang/String;" line-rate="0.0" branch-rate="1.0" complexity="0">
							<lines>
								<line number="213" hits="0" branch="false"/>
							</lines>
						</method>
						<method name="getTotalPageSize" signature="()I" line-rate="1.0" branch-rate="1.0" complexity="0">
							<lines>
								<line number="197" hits="39" branch="false"/>
							</lines>
						</method>
						<method name="getTotalRowSize" signature="()I" line-rate="1.0" branch-rate="1.0" complexity="0">
							<lines>
								<line number="141" hits="70" branch="false"/>
							</lines>
						</method>
						<method name="init" signature="()V" line-rate="1.0" branch-rate="1.0" complexity="0">
							<lines>
								<line number="34" hits="129" branch="false"/>
								<line number="35" hits="129" branch="false"/>
								<line number="36" hits="129" branch="false"/>
								<line number="37" hits="129" branch="false"/>
								<line number="38" hits="129" branch="false"/>
								<line number="39" hits="129" branch="false"/>
							</lines>
						</method>
						<method name="isListEmpty" signature="()V" line-rate="1.0" branch-rate="0.875" complexity="0">
							<lines>
								<line number="90" hits="20" branch="true" condition-coverage="% 100 (4/4)">
									<conditions>
										<condition number="0" type="jump" coverage="% 100"/>
										<condition number="1" type="jump" coverage="% 100"/>
									</conditions>
								</line>
								<line number="91" hits="5" branch="false"/>
								<line number="92" hits="5" branch="false"/>
								<line number="93" hits="5" branch="false"/>
								<line number="94" hits="15" branch="true" condition-coverage="% 75 (3/4)">
									<conditions>
										<condition number="0" type="jump" coverage="% 100"/>
										<condition number="1" type="jump" coverage="% 50"/>
									</conditions>
								</line>
								<line number="95" hits="5" branch="false"/>
								<line number="96" hits="5" branch="false"/>
								<line number="98" hits="20" branch="false"/>
							</lines>
						</method>
						<method name="isPopup" signature="()Z" line-rate="1.0" branch-rate="1.0" complexity="0">
							<lines>
								<line number="165" hits="10" branch="false"/>
							</lines>
						</method>
						<method name="last" signature="()V" line-rate="1.0" branch-rate="1.0" complexity="0">
							<lines>
								<line number="121" hits="10" branch="false"/>
								<line number="122" hits="10" branch="false"/>
								<line number="123" hits="10" branch="false"/>
							</lines>
						</method>
						<method name="next" signature="()V" line-rate="1.0" branch-rate="1.0" complexity="0">
							<lines>
								<line number="100" hits="10" branch="true" condition-coverage="% 100 (2/2)">
									<conditions>
										<condition number="0" type="jump" coverage="% 100"/>
									</conditions>
								</line>
								<line number="101" hits="5" branch="false"/>
								<line number="102" hits="5" branch="false"/>
								<line number="104" hits="10" branch="false"/>
							</lines>
						</method>
						<method name="prev" signature="()V" line-rate="1.0" branch-rate="1.0" complexity="0">
							<lines>
								<line number="107" hits="10" branch="true" condition-coverage="% 100 (2/2)">
									<conditions>
										<condition number="0" type="jump" coverage="% 100"/>
									</conditions>
								</line>
								<line number="108" hits="5" branch="false"/>
								<line number="109" hits="5" branch="false"/>
								<line number="111" hits="10" branch="false"/>
							</lines>
						</method>
						<method name="remove" signature="(Lcom/mhmtnasif/library_app/entities/Authors;)V" line-rate="0.8" branch-rate="0.5" complexity="0">
							<lines>
								<line number="74" hits="5" branch="true" condition-coverage="% 50 (1/2)">
									<conditions>
										<condition number="0" type="jump" coverage="% 50"/>
									</conditions>
								</line>
								<line number="75" hits="5" branch="true" condition-coverage="% 50 (1/2)">
									<conditions>
										<condition number="0" type="jump" coverage="% 50"/>
									</conditions>
								</line>
								<line number="76" hits="5" branch="false"/>
								<line number="77" hits="5" branch="false"/>
								<line number="78" hits="5" branch="false"/>
								<line number="79" hits="5" branch="false"/>
								<line number="80" hits="5" branch="false"/>
								<line number="82" hits="0" branch="false"/>
								<line number="85" hits="0" branch="false"/>
								<line number="87" hits="5" branch="false"/>
							</lines>
						</method>
						<method name="searchResultList" signature="()V" line-rate="1.0" branch-rate="1.0" complexity="0">
							<lines>
								<line number="126" hits="10" branch="false"/>
								<line number="127" hits="10" branch="false"/>
								<line number="128" hits="10" branch="true" condition-coverage="% 100 (2/2)">
									<conditions>
										<condition number="0" type="jump" coverage="% 100"/>
									</conditions>
								</line>
								<line number="129" hits="5" branch="false"/>
								<line number="130" hits="5" branch="false"/>
								<line number="132" hits="5" branch="false"/>
								<line number="133" hits="5" branch="false"/>
								<line number="134" hits="5" branch="false"/>
								<line number="138" hits="10" branch="false"/>
							</lines>
						</method>
						<method name="setAuthorList" signature="(Ljava/util/List;)V" line-rate="0.0" branch-rate="1.0" complexity="0">
							<lines>
								<line number="153" hits="0" branch="false"/>
								<line number="154" hits="0" branch="false"/>
							</lines>
						</method>
						<method name="setAuthorPopModel" signature="(Lcom/mhmtnasif/library_app/entities/Authors;)V" line-rate="0.0" branch-rate="1.0" complexity="0">
							<lines>
								<line number="161" hits="0" branch="false"/>
								<line number="162" hits="0" branch="false"/>
							</lines>
						</method>
						<method name="setAuthorsDao" signature="(Lcom/mhmtnasif/library_app/dao/AuthorsDao;)V" line-rate="0.0" branch-rate="1.0" complexity="0">
							<lines>
								<line number="177" hits="0" branch="false"/>
								<line number="178" hits="0" branch="false"/>
							</lines>
						</method>
						<method name="setBooksDao" signature="(Lcom/mhmtnasif/library_app/dao/BooksDao;)V" line-rate="0.0" branch-rate="1.0" complexity="0">
							<lines>
								<line number="185" hits="0" branch="false"/>
								<line number="186" hits="0" branch="false"/>
							</lines>
						</method>
						<method name="setCurrentPage" signature="(I)V" line-rate="1.0" branch-rate="1.0" complexity="0">
							<lines>
								<line number="209" hits="50" branch="false"/>
								<line number="210" hits="50" branch="false"/>
							</lines>
						</method>
						<method name="setPopup" signature="(Z)V" line-rate="0.0" branch-rate="1.0" complexity="0">
							<lines>
								<line number="169" hits="0" branch="false"/>
								<line number="170" hits="0" branch="false"/>
							</lines>
						</method>
						<method name="setRowsPerPage" signature="(I)V" line-rate="0.0" branch-rate="1.0" complexity="0">
							<lines>
								<line number="193" hits="0" branch="false"/>
								<line number="194" hits="0" branch="false"/>
							</lines>
						</method>
						<method name="setSearchText" signature="(Ljava/lang/String;)V" line-rate="1.0" branch-rate="1.0" complexity="0">
							<lines>
								<line number="217" hits="94" branch="false"/>
								<line number="218" hits="94" branch="false"/>
							</lines>
						</method>
						<method name="setTotalPageSize" signature="(I)V" line-rate="1.0" branch-rate="1.0" complexity="0">
							<lines>
								<line number="201" hits="20" branch="false"/>
								<line number="202" hits="20" branch="false"/>
							</lines>
						</method>
						<method name="setTotalRowSize" signature="(I)V" line-rate="0.0" branch-rate="1.0" complexity="0">
							<lines>
								<line number="145" hits="0" branch="false"/>
								<line number="146" hits="0" branch="false"/>
							</lines>
						</method>
						<method name="updateAuthor" signature="()V" line-rate="0.8571428571428571" branch-rate="0.6" complexity="0">
							<lines>
								<line number="49" hits="10" branch="true" condition-coverage="% 50 (1/2)">
									<conditions>
										<condition number="0" type="jump" coverage="% 50"/>
									</conditions>
								</line>
								<line number="50" hits="10" branch="true" condition-coverage="% 50 (1/2)">
									<conditions>
										<condition number="0" type="jump" coverage="% 50"/>
									</conditions>
								</line>
								<line number="51" hits="10" branch="true" condition-coverage="% 100 (2/2)">
									<conditions>
										<condition number="0" type="jump" coverage="% 100"/>
									</conditions>
								</line>
								<line number="52" hits="5" branch="true" condition-coverage="% 50 (1/2)">
									<conditions>
										<condition number="0" type="jump" coverage="% 50"/>
									</conditions>
								</line>
								<line number="53" hits="5" branch="false"/>
								<line number="54" hits="5" branch="false"/>
								<line number="56" hits="5" branch="true" condition-coverage="% 50 (1/2)">
									<conditions>
										<condition number="0" type="jump" coverage="% 50"/>
									</conditions>
								</line>
								<line number="57" hits="5" branch="false"/>
								<line number="58" hits="5" branch="false"/>
								<line number="59" hits="5" branch="false"/>
								<line number="61" hits="0" branch="false"/>
								<line number="62" hits="0" branch="false"/>
								<line number="66" hits="10" branch="false"/>
								<line number="67" hits="10" branch="false"/>
							</lines>
						</method>
					</methods>
					<lines>
						<line number="18" hits="89" branch="false"/>
						<line number="20" hits="89" branch="false"/>
						<line number="21" hits="89" branch="false"/>
						<line number="34" hits="129" branch="false"/>
						<line number="35" hits="129" branch="false"/>
						<line number="36" hits="129" branch="false"/>
						<line number="37" hits="129" branch="false"/>
						<line number="38" hits="129" branch="false"/>
						<line number="39" hits="129" branch="false"/>
						<line number="43" hits="15" branch="false"/>
						<line number="44" hits="15" branch="false"/>
						<line number="46" hits="15" branch="false"/>
						<line number="49" hits="10" branch="true" condition-coverage="% 50 (1/2)">
							<conditions>
								<condition number="0" type="jump" coverage="% 50"/>
							</conditions>
						</line>
						<line number="50" hits="10" branch="true" condition-coverage="% 50 (1/2)">
							<conditions>
								<condition number="0" type="jump" coverage="% 50"/>
							</conditions>
						</line>
						<line number="51" hits="10" branch="true" condition-coverage="% 100 (2/2)">
							<conditions>
								<condition number="0" type="jump" coverage="% 100"/>
							</conditions>
						</line>
						<line number="52" hits="5" branch="true" condition-coverage="% 50 (1/2)">
							<conditions>
								<condition number="0" type="jump" coverage="% 50"/>
							</conditions>
						</line>
						<line number="53" hits="5" branch="false"/>
						<line number="54" hits="5" branch="false"/>
						<line number="56" hits="5" branch="true" condition-coverage="% 50 (1/2)">
							<conditions>
								<condition number="0" type="jump" coverage="% 50"/>
							</conditions>
						</line>
						<line number="57" hits="5" branch="false"/>
						<line number="58" hits="5" branch="false"/>
						<line number="59" hits="5" branch="false"/>
						<line number="61" hits="0" branch="false"/>
						<line number="62" hits="0" branch="false"/>
						<line number="66" hits="10" branch="false"/>
						<line number="67" hits="10" branch="false"/>
						<line number="70" hits="5" branch="false"/>
						<line number="71" hits="5" branch="false"/>
						<line number="74" hits="5" branch="true" condition-coverage="% 50 (1/2)">
							<conditions>
								<condition number="0" type="jump" coverage="% 50"/>
							</conditions>
						</line>
						<line number="75" hits="5" branch="true" condition-coverage="% 50 (1/2)">
							<conditions>
								<condition number="0" type="jump" coverage="% 50"/>
							</conditions>
						</line>
						<line number="76" hits="5" branch="false"/>
						<line number="77" hits="5" branch="false"/>
						<line number="78" hits="5" branch="false"/>
						<line number="79" hits="5" branch="false"/>
						<line number="80" hits="5" branch="false"/>
						<line number="82" hits="0" branch="false"/>
						<line number="85" hits="0" branch="false"/>
						<line number="87" hits="5" branch="false"/>
						<line number="90" hits="20" branch="true" condition-coverage="% 100 (4/4)">
							<conditions>
								<condition number="0" type="jump" coverage="% 100"/>
								<condition number="1" type="jump" coverage="% 100"/>
							</conditions>
						</line>
						<line number="91" hits="5" branch="false"/>
						<line number="92" hits="5" branch="false"/>
						<line number="93" hits="5" branch="false"/>
						<line number="94" hits="15" branch="true" condition-coverage="% 75 (3/4)">
							<conditions>
								<condition number="0" type="jump" coverage="% 100"/>
								<condition number="1" type="jump" coverage="% 50"/>
							</conditions>
						</line>
						<line number="95" hits="5" branch="false"/>
						<line number="96" hits="5" branch="false"/>
						<line number="98" hits="20" branch="false"/>
						<line number="100" hits="10" branch="true" condition-coverage="% 100 (2/2)">
							<conditions>
								<condition number="0" type="jump" coverage="% 100"/>
							</conditions>
						</line>
						<line number="101" hits="5" branch="false"/>
						<line number="102" hits="5" branch="false"/>
						<line number="104" hits="10" branch="false"/>
						<line number="107" hits="10" branch="true" condition-coverage="% 100 (2/2)">
							<conditions>
								<condition number="0" type="jump" coverage="% 100"/>
							</conditions>
						</line>
						<line number="108" hits="5" branch="false"/>
						<line number="109" hits="5" branch="false"/>
						<line number="111" hits="10" branch="false"/>
						<line number="114" hits="10" branch="true" condition-coverage="% 100 (2/2)">
							<conditions>
								<condition number="0" type="jump" coverage="% 100"/>
							</conditions>
						</line>
						<line number="115" hits="5" branch="false"/>
						<line number="116" hits="5" branch="false"/>
						<line number="118" hits="10" branch="false"/>
						<line number="121" hits="10" branch="false"/>
						<line number="122" hits="10" branch="false"/>
						<line number="123" hits="10" branch="false"/>
						<line number="126" hits="10" branch="false"/>
						<line number="127" hits="10" branch="false"/>
						<line number="128" hits="10" branch="true" condition-coverage="% 100 (2/2)">
							<conditions>
								<condition number="0" type="jump" coverage="% 100"/>
							</conditions>
						</line>
						<line number="129" hits="5" branch="false"/>
						<line number="130" hits="5" branch="false"/>
						<line number="132" hits="5" branch="false"/>
						<line number="133" hits="5" branch="false"/>
						<line number="134" hits="5" branch="false"/>
						<line number="138" hits="10" branch="false"/>
						<line number="141" hits="70" branch="false"/>
						<line number="145" hits="0" branch="false"/>
						<line number="146" hits="0" branch="false"/>
						<line number="149" hits="144" branch="false"/>
						<line number="153" hits="0" branch="false"/>
						<line number="154" hits="0" branch="false"/>
						<line number="157" hits="15" branch="false"/>
						<line number="161" hits="0" branch="false"/>
						<line number="162" hits="0" branch="false"/>
						<line number="165" hits="10" branch="false"/>
						<line number="169" hits="0" branch="false"/>
						<line number="170" hits="0" branch="false"/>
						<line number="173" hits="0" branch="false"/>
						<line number="177" hits="0" branch="false"/>
						<line number="178" hits="0" branch="false"/>
						<line number="181" hits="0" branch="false"/>
						<line number="185" hits="0" branch="false"/>
						<line number="186" hits="0" branch="false"/>
						<line number="189" hits="0" branch="false"/>
						<line number="193" hits="0" branch="false"/>
						<line number="194" hits="0" branch="false"/>
						<line number="197" hits="39" branch="false"/>
						<line number="201" hits="20" branch="false"/>
						<line number="202" hits="20" branch="false"/>
						<line number="205" hits="50" branch="false"/>
						<line number="209" hits="50" branch="false"/>
						<line number="210" hits="50" branch="false"/>
						<line number="213" hits="0" branch="false"/>
						<line number="217" hits="94" branch="false"/>
						<line number="218" hits="94" branch="false"/>
					</lines>
				</class>
				<class name="com.mhmtnasif.library_app.beans.AuthorsBean" filename="com/mhmtnasif/library_app/beans/AuthorsBean.java" line-rate="0.8235294117647058" branch-rate="0.6" complexity="2.6666666666666665">
					<methods>
						<method name="&lt;init&gt;" signature="()V" line-rate="1.0" branch-rate="1.0" complexity="0">
							<lines>
								<line number="14" hits="14" branch="false"/>
								<line number="16" hits="14" branch="false"/>
								<line number="17" hits="14" branch="false"/>
							</lines>
						</method>
						<method name="addAuthor" signature="()V" line-rate="0.9090909090909091" branch-rate="0.6" complexity="0">
							<lines>
								<line number="28" hits="14" branch="true" condition-coverage="% 100 (2/2)">
									<conditions>
										<condition number="0" type="jump" coverage="% 100"/>
									</conditions>
								</line>
								<line number="29" hits="7" branch="true" condition-coverage="% 50 (1/2)">
									<conditions>
										<condition number="0" type="jump" coverage="% 50"/>
									</conditions>
								</line>
								<line number="30" hits="7" branch="true" condition-coverage="% 50 (1/2)">
									<conditions>
										<condition number="0" type="jump" coverage="% 50"/>
									</conditions>
								</line>
								<line number="31" hits="7" branch="true" condition-coverage="% 50 (1/2)">
									<conditions>
										<condition number="0" type="jump" coverage="% 50"/>
									</conditions>
								</line>
								<line number="32" hits="7" branch="false"/>
								<line number="36" hits="7" branch="true" condition-coverage="% 50 (1/2)">
									<conditions>
										<condition number="0" type="jump" coverage="% 50"/>
									</conditions>
								</line>
								<line number="37" hits="7" branch="false"/>
								<line number="38" hits="7" branch="false"/>
								<line number="39" hits="7" branch="false"/>
								<line number="41" hits="0" branch="false"/>
								<line number="44" hits="14" branch="false"/>
							</lines>
						</method>
						<method name="getAuthors" signature="()Lcom/mhmtnasif/library_app/entities/Authors;" line-rate="1.0" branch-rate="1.0" complexity="0">
							<lines>
								<line number="20" hits="28" branch="false"/>
							</lines>
						</method>
						<method name="setAuthors" signature="(Lcom/mhmtnasif/library_app/entities/Authors;)V" line-rate="0.0" branch-rate="1.0" complexity="0">
							<lines>
								<line number="24" hits="0" branch="false"/>
								<line number="25" hits="0" branch="false"/>
							</lines>
						</method>
					</methods>
					<lines>
						<line number="14" hits="14" branch="false"/>
						<line number="16" hits="14" branch="false"/>
						<line number="17" hits="14" branch="false"/>
						<line number="20" hits="28" branch="false"/>
						<line number="24" hits="0" branch="false"/>
						<line number="25" hits="0" branch="false"/>
						<line number="28" hits="14" branch="true" condition-coverage="% 100 (2/2)">
							<conditions>
								<condition number="0" type="jump" coverage="% 100"/>
							</conditions>
						</line>
						<line number="29" hits="7" branch="true" condition-coverage="% 50 (1/2)">
							<conditions>
								<condition number="0" type="jump" coverage="% 50"/>
							</conditions>
						</line>
						<line number="30" hits="7" branch="true" condition-coverage="% 50 (1/2)">
							<conditions>
								<condition number="0" type="jump" coverage="% 50"/>
							</conditions>
						</line>
						<line number="31" hits="7" branch="true" condition-coverage="% 50 (1/2)">
							<conditions>
								<condition number="0" type="jump" coverage="% 50"/>
							</conditions>
						</line>
						<line number="32" hits="7" branch="false"/>
						<line number="36" hits="7" branch="true" condition-coverage="% 50 (1/2)">
							<conditions>
								<condition number="0" type="jump" coverage="% 50"/>
							</conditions>
						</line>
						<line number="37" hits="7" branch="false"/>
						<line number="38" hits="7" branch="false"/>
						<line number="39" hits="7" branch="false"/>
						<line number="41" hits="0" branch="false"/>
						<line number="44" hits="14" branch="false"/>
					</lines>
				</class>
				<class name="com.mhmtnasif.library_app.beans.BooksBean" filename="com/mhmtnasif/library_app/beans/BooksBean.java" line-rate="0.6923076923076923" branch-rate="0.5384615384615384" complexity="1.9285714285714286">
					<methods>
						<method name="&lt;init&gt;" signature="()V" line-rate="1.0" branch-rate="1.0" complexity="0">
							<lines>
								<line number="23" hits="14" branch="false"/>
								<line number="27" hits="14" branch="false"/>
								<line number="28" hits="14" branch="false"/>
								<line number="29" hits="14" branch="false"/>
								<line number="30" hits="14" branch="false"/>
							</lines>
						</method>
						<method name="addBook" signature="()V" line-rate="0.96" branch-rate="0.5384615384615384" complexity="0">
							<lines>
								<line number="43" hits="14" branch="true" condition-coverage="% 50 (1/2)">
									<conditions>
										<condition number="0" type="jump" coverage="% 50"/>
									</conditions>
								</line>
								<line number="44" hits="14" branch="true" condition-coverage="% 50 (1/2)">
									<conditions>
										<condition number="0" type="jump" coverage="% 50"/>
									</conditions>
								</line>
								<line number="45" hits="14" branch="true" condition-coverage="% 50 (1/2)">
									<conditions>
										<condition number="0" type="jump" coverage="% 50"/>
									</conditions>
								</line>
								<line number="46" hits="14" branch="true" condition-coverage="% 50 (1/2)">
									<conditions>
										<condition number="0" type="jump" coverage="% 50"/>
									</conditions>
								</line>
								<line number="47" hits="14" branch="true" condition-coverage="% 50 (1/2)">
									<conditions>
										<condition number="0" type="jump" coverage="% 50"/>
									</conditions>
								</line>
								<line number="48" hits="14" branch="true" condition-coverage="% 50 (3/6)">
									<conditions>
										<condition number="0" type="jump" coverage="% 50"/>
										<condition number="1" type="jump" coverage="% 50"/>
										<condition number="2" type="jump" coverage="% 50"/>
									</conditions>
								</line>
								<line number="51" hits="14" branch="true" condition-coverage="% 100 (2/2)">
									<conditions>
										<condition number="0" type="jump" coverage="% 100"/>
									</conditions>
								</line>
								<line number="52" hits="7" branch="true" condition-coverage="% 50 (1/2)">
									<conditions>
										<condition number="0" type="jump" coverage="% 50"/>
									</conditions>
								</line>
								<line number="53" hits="7" branch="true" condition-coverage="% 50 (1/2)">
									<conditions>
										<condition number="0" type="jump" coverage="% 50"/>
									</conditions>
								</line>
								<line number="54" hits="7" branch="true" condition-coverage="% 50 (1/2)">
									<conditions>
										<condition number="0" type="jump" coverage="% 50"/>
									</conditions>
								</line>
								<line number="55" hits="7" branch="false"/>
								<line number="59" hits="7" branch="false"/>
								<line number="60" hits="7" branch="false"/>
								<line number="61" hits="7" branch="false"/>
								<line number="62" hits="7" branch="true" condition-coverage="% 50 (1/2)">
									<conditions>
										<condition number="0" type="jump" coverage="% 50"/>
									</conditions>
								</line>
								<line number="63" hits="7" branch="false"/>
								<line number="64" hits="7" branch="false"/>
								<line number="65" hits="7" branch="false"/>
								<line number="66" hits="7" branch="false"/>
								<line number="67" hits="7" branch="false"/>
								<line number="68" hits="7" branch="false"/>
								<line number="69" hits="7" branch="false"/>
								<line number="70" hits="7" branch="false"/>
								<line number="72" hits="0" branch="false"/>
								<line number="75" hits="14" branch="false"/>
							</lines>
						</method>
						<method name="getAuthor_id" signature="()J" line-rate="0.0" branch-rate="1.0" complexity="0">
							<lines>
								<line number="78" hits="0" branch="false"/>
							</lines>
						</method>
						<method name="getAuthors" signature="()Ljava/util/List;" line-rate="0.0" branch-rate="1.0" complexity="0">
							<lines>
								<line number="102" hits="0" branch="false"/>
							</lines>
						</method>
						<method name="getBooks" signature="()Lcom/mhmtnasif/library_app/entities/Books;" line-rate="1.0" branch-rate="1.0" complexity="0">
							<lines>
								<line number="94" hits="70" branch="false"/>
							</lines>
						</method>
						<method name="getPublisher_id" signature="()J" line-rate="0.0" branch-rate="1.0" complexity="0">
							<lines>
								<line number="86" hits="0" branch="false"/>
							</lines>
						</method>
						<method name="getPublishers" signature="()Ljava/util/List;" line-rate="0.0" branch-rate="1.0" complexity="0">
							<lines>
								<line number="110" hits="0" branch="false"/>
							</lines>
						</method>
						<method name="getUser" signature="()Lcom/mhmtnasif/library_app/entities/Users;" line-rate="0.0" branch-rate="1.0" complexity="0">
							<lines>
								<line number="118" hits="0" branch="false"/>
							</lines>
						</method>
						<method name="init" signature="()V" line-rate="0.0" branch-rate="1.0" complexity="0">
							<lines>
								<line number="37" hits="0" branch="false"/>
								<line number="38" hits="0" branch="false"/>
								<line number="39" hits="0" branch="false"/>
								<line number="40" hits="0" branch="false"/>
							</lines>
						</method>
						<method name="setAuthor_id" signature="(J)V" line-rate="1.0" branch-rate="1.0" complexity="0">
							<lines>
								<line number="82" hits="14" branch="false"/>
								<line number="83" hits="14" branch="false"/>
							</lines>
						</method>
						<method name="setAuthors" signature="(Ljava/util/List;)V" line-rate="0.0" branch-rate="1.0" complexity="0">
							<lines>
								<line number="106" hits="0" branch="false"/>
								<line number="107" hits="0" branch="false"/>
							</lines>
						</method>
						<method name="setBooks" signature="(Lcom/mhmtnasif/library_app/entities/Books;)V" line-rate="0.0" branch-rate="1.0" complexity="0">
							<lines>
								<line number="98" hits="0" branch="false"/>
								<line number="99" hits="0" branch="false"/>
							</lines>
						</method>
						<method name="setPublisher_id" signature="(J)V" line-rate="1.0" branch-rate="1.0" complexity="0">
							<lines>
								<line number="90" hits="14" branch="false"/>
								<line number="91" hits="14" branch="false"/>
							</lines>
						</method>
						<method name="setPublishers" signature="(Ljava/util/List;)V" line-rate="0.0" branch-rate="1.0" complexity="0">
							<lines>
								<line number="114" hits="0" branch="false"/>
								<line number="115" hits="0" branch="false"/>
							</lines>
						</method>
						<method name="setUser" signature="(Lcom/mhmtnasif/library_app/entities/Users;)V" line-rate="1.0" branch-rate="1.0" complexity="0">
							<lines>
								<line number="122" hits="14" branch="false"/>
								<line number="123" hits="14" branch="false"/>
							</lines>
						</method>
					</methods>
					<lines>
						<line number="23" hits="14" branch="false"/>
						<line number="27" hits="14" branch="false"/>
						<line number="28" hits="14" branch="false"/>
						<line number="29" hits="14" branch="false"/>
						<line number="30" hits="14" branch="false"/>
						<line number="37" hits="0" branch="false"/>
						<line number="38" hits="0" branch="false"/>
						<line number="39" hits="0" branch="false"/>
						<line number="40" hits="0" branch="false"/>
						<line number="43" hits="14" branch="true" condition-coverage="% 50 (1/2)">
							<conditions>
								<condition number="0" type="jump" coverage="% 50"/>
							</conditions>
						</line>
						<line number="44" hits="14" branch="true" condition-coverage="% 50 (1/2)">
							<conditions>
								<condition number="0" type="jump" coverage="% 50"/>
							</conditions>
						</line>
						<line number="45" hits="14" branch="true" condition-coverage="% 50 (1/2)">
							<conditions>
								<condition number="0" type="jump" coverage="% 50"/>
							</conditions>
						</line>
						<line number="46" hits="14" branch="true" condition-coverage="% 50 (1/2)">
							<conditions>
								<condition number="0" type="jump" coverage="% 50"/>
							</conditions>
						</line>
						<line number="47" hits="14" branch="true" condition-coverage="% 50 (1/2)">
							<conditions>
								<condition number="0" type="jump" coverage="% 50"/>
							</conditions>
						</line>
						<line number="48" hits="14" branch="true" condition-coverage="% 50 (3/6)">
							<conditions>
								<condition number="0" type="jump" coverage="% 50"/>
								<condition number="1" type="jump" coverage="% 50"/>
								<condition number="2" type="jump" coverage="% 50"/>
							</conditions>
						</line>
						<line number="51" hits="14" branch="true" condition-coverage="% 100 (2/2)">
							<conditions>
								<condition number="0" type="jump" coverage="% 100"/>
							</conditions>
						</line>
						<line number="52" hits="7" branch="true" condition-coverage="% 50 (1/2)">
							<conditions>
								<condition number="0" type="jump" coverage="% 50"/>
							</conditions>
						</line>
						<line number="53" hits="7" branch="true" condition-coverage="% 50 (1/2)">
							<conditions>
								<condition number="0" type="jump" coverage="% 50"/>
							</conditions>
						</line>
						<line number="54" hits="7" branch="true" condition-coverage="% 50 (1/2)">
							<conditions>
								<condition number="0" type="jump" coverage="% 50"/>
							</conditions>
						</line>
						<line number="55" hits="7" branch="false"/>
						<line number="59" hits="7" branch="false"/>
						<line number="60" hits="7" branch="false"/>
						<line number="61" hits="7" branch="false"/>
						<line number="62" hits="7" branch="true" condition-coverage="% 50 (1/2)">
							<conditions>
								<condition number="0" type="jump" coverage="% 50"/>
							</conditions>
						</line>
						<line number="63" hits="7" branch="false"/>
						<line number="64" hits="7" branch="false"/>
						<line number="65" hits="7" branch="false"/>
						<line number="66" hits="7" branch="false"/>
						<line number="67" hits="7" branch="false"/>
						<line number="68" hits="7" branch="false"/>
						<line number="69" hits="7" branch="false"/>
						<line number="70" hits="7" branch="false"/>
						<line number="72" hits="0" branch="false"/>
						<line number="75" hits="14" branch="false"/>
						<line number="78" hits="0" branch="false"/>
						<line number="82" hits="14" branch="false"/>
						<line number="83" hits="14" branch="false"/>
						<line number="86" hits="0" branch="false"/>
						<line number="90" hits="14" branch="false"/>
						<line number="91" hits="14" branch="false"/>
						<line number="94" hits="70" branch="false"/>
						<line number="98" hits="0" branch="false"/>
						<line number="99" hits="0" branch="false"/>
						<line number="102" hits="0" branch="false"/>
						<line number="106" hits="0" branch="false"/>
						<line number="107" hits="0" branch="false"/>
						<line number="110" hits="0" branch="false"/>
						<line number="114" hits="0" branch="false"/>
						<line number="115" hits="0" branch="false"/>
						<line number="118" hits="0" branch="false"/>
						<line number="122" hits="14" branch="false"/>
						<line number="123" hits="14" branch="false"/>
					</lines>
				</class>
				<class name="com.mhmtnasif.library_app.beans.BooksEditBean" filename="com/mhmtnasif/library_app/beans/BooksEditBean.java" line-rate="0.7863247863247863" branch-rate="0.6818181818181818" complexity="1.6285714285714286">
					<methods>
						<method name="&lt;init&gt;" signature="()V" line-rate="1.0" branch-rate="1.0" complexity="0">
							<lines>
								<line number="22" hits="89" branch="false"/>
								<line number="24" hits="89" branch="false"/>
								<line number="25" hits="89" branch="false"/>
								<line number="26" hits="89" branch="false"/>
							</lines>
						</method>
						<method name="cancelEdit" signature="()V" line-rate="1.0" branch-rate="1.0" complexity="0">
							<lines>
								<line number="94" hits="7" branch="false"/>
								<line number="95" hits="7" branch="false"/>
							</lines>
						</method>
						<method name="edit" signature="(Lcom/mhmtnasif/library_app/entities/Books;)V" line-rate="1.0" branch-rate="1.0" complexity="0">
							<lines>
								<line number="55" hits="7" branch="false"/>
								<line number="56" hits="7" branch="false"/>
								<line number="57" hits="7" branch="false"/>
								<line number="58" hits="7" branch="false"/>
								<line number="60" hits="7" branch="false"/>
							</lines>
						</method>
						<method name="first" signature="()V" line-rate="1.0" branch-rate="1.0" complexity="0">
							<lines>
								<line number="125" hits="14" branch="true" condition-coverage="% 100 (2/2)">
									<conditions>
										<condition number="0" type="jump" coverage="% 100"/>
									</conditions>
								</line>
								<line number="126" hits="7" branch="false"/>
								<line number="127" hits="7" branch="false"/>
								<line number="129" hits="14" branch="false"/>
							</lines>
						</method>
						<method name="getAuthor_id" signature="()J" line-rate="0.0" branch-rate="1.0" complexity="0">
							<lines>
								<line number="226" hits="0" branch="false"/>
							</lines>
						</method>
						<method name="getAuthorsList" signature="()Ljava/util/List;" line-rate="0.0" branch-rate="1.0" complexity="0">
							<lines>
								<line number="242" hits="0" branch="false"/>
							</lines>
						</method>
						<method name="getBooksList" signature="()Ljava/util/List;" line-rate="1.0" branch-rate="1.0" complexity="0">
							<lines>
								<line number="161" hits="152" branch="false"/>
							</lines>
						</method>
						<method name="getBooksPopModel" signature="()Lcom/mhmtnasif/library_app/entities/Books;" line-rate="1.0" branch-rate="1.0" complexity="0">
							<lines>
								<line number="169" hits="21" branch="false"/>
							</lines>
						</method>
						<method name="getCurrentPage" signature="()I" line-rate="1.0" branch-rate="1.0" complexity="0">
							<lines>
								<line number="202" hits="70" branch="false"/>
							</lines>
						</method>
						<method name="getPublisher_id" signature="()J" line-rate="0.0" branch-rate="1.0" complexity="0">
							<lines>
								<line number="234" hits="0" branch="false"/>
							</lines>
						</method>
						<method name="getPublishersList" signature="()Ljava/util/List;" line-rate="0.0" branch-rate="1.0" complexity="0">
							<lines>
								<line number="250" hits="0" branch="false"/>
							</lines>
						</method>
						<method name="getRowsPerPage" signature="()I" line-rate="0.0" branch-rate="1.0" complexity="0">
							<lines>
								<line number="186" hits="0" branch="false"/>
							</lines>
						</method>
						<method name="getSearchText" signature="()Ljava/lang/String;" line-rate="0.0" branch-rate="1.0" complexity="0">
							<lines>
								<line number="218" hits="0" branch="false"/>
							</lines>
						</method>
						<method name="getTotalPageSize" signature="()I" line-rate="1.0" branch-rate="1.0" complexity="0">
							<lines>
								<line number="194" hits="21" branch="false"/>
							</lines>
						</method>
						<method name="getTotalRowSize" signature="()I" line-rate="1.0" branch-rate="1.0" complexity="0">
							<lines>
								<line number="210" hits="96" branch="false"/>
							</lines>
						</method>
						<method name="init" signature="()V" line-rate="1.0" branch-rate="1.0" complexity="0">
							<lines>
								<line number="43" hits="143" branch="false"/>
								<line number="44" hits="143" branch="false"/>
								<line number="45" hits="143" branch="false"/>
								<line number="46" hits="143" branch="false"/>
								<line number="47" hits="143" branch="false"/>
								<line number="48" hits="143" branch="false"/>
								<line number="49" hits="143" branch="false"/>
								<line number="51" hits="143" branch="false"/>
							</lines>
						</method>
						<method name="isListEmpty" signature="()V" line-rate="1.0" branch-rate="0.875" complexity="0">
							<lines>
								<line number="150" hits="28" branch="true" condition-coverage="% 100 (4/4)">
									<conditions>
										<condition number="0" type="jump" coverage="% 100"/>
										<condition number="1" type="jump" coverage="% 100"/>
									</conditions>
								</line>
								<line number="151" hits="7" branch="false"/>
								<line number="152" hits="7" branch="false"/>
								<line number="153" hits="7" branch="false"/>
								<line number="154" hits="21" branch="true" condition-coverage="% 75 (3/4)">
									<conditions>
										<condition number="0" type="jump" coverage="% 100"/>
										<condition number="1" type="jump" coverage="% 50"/>
									</conditions>
								</line>
								<line number="155" hits="7" branch="false"/>
								<line number="156" hits="7" branch="false"/>
								<line number="158" hits="28" branch="false"/>
							</lines>
						</method>
						<method name="isPopup" signature="()Z" line-rate="1.0" branch-rate="1.0" complexity="0">
							<lines>
								<line number="178" hits="14" branch="false"/>
							</lines>
						</method>
						<method name="last" signature="()V" line-rate="1.0" branch-rate="1.0" complexity="0">
							<lines>
								<line number="132" hits="14" branch="false"/>
								<line number="133" hits="14" branch="false"/>
								<line number="134" hits="14" branch="false"/>
							</lines>
						</method>
						<method name="next" signature="()V" line-rate="1.0" branch-rate="1.0" complexity="0">
							<lines>
								<line number="111" hits="14" branch="true" condition-coverage="% 100 (2/2)">
									<conditions>
										<condition number="0" type="jump" coverage="% 100"/>
									</conditions>
								</line>
								<line number="112" hits="7" branch="false"/>
								<line number="113" hits="7" branch="false"/>
								<line number="115" hits="14" branch="false"/>
							</lines>
						</method>
						<method name="prev" signature="()V" line-rate="1.0" branch-rate="1.0" complexity="0">
							<lines>
								<line number="118" hits="14" branch="true" condition-coverage="% 100 (2/2)">
									<conditions>
										<condition number="0" type="jump" coverage="% 100"/>
									</conditions>
								</line>
								<line number="119" hits="7" branch="false"/>
								<line number="120" hits="7" branch="false"/>
								<line number="122" hits="14" branch="false"/>
							</lines>
						</method>
						<method name="remove" signature="(Lcom/mhmtnasif/library_app/entities/Books;)V" line-rate="0.875" branch-rate="0.5" complexity="0">
							<lines>
								<line number="98" hits="7" branch="true" condition-coverage="% 50 (1/2)">
									<conditions>
										<condition number="0" type="jump" coverage="% 50"/>
									</conditions>
								</line>
								<line number="99" hits="7" branch="false"/>
								<line number="100" hits="7" branch="false"/>
								<line number="101" hits="7" branch="false"/>
								<line number="102" hits="7" branch="false"/>
								<line number="103" hits="7" branch="false"/>
								<line number="106" hits="0" branch="false"/>
								<line number="108" hits="7" branch="false"/>
							</lines>
						</method>
						<method name="searchResultList" signature="()V" line-rate="1.0" branch-rate="1.0" complexity="0">
							<lines>
								<line number="137" hits="12" branch="false"/>
								<line number="138" hits="12" branch="false"/>
								<line number="139" hits="12" branch="true" condition-coverage="% 100 (2/2)">
									<conditions>
										<condition number="0" type="jump" coverage="% 100"/>
									</conditions>
								</line>
								<line number="140" hits="7" branch="false"/>
								<line number="141" hits="7" branch="false"/>
								<line number="143" hits="5" branch="false"/>
								<line number="144" hits="5" branch="false"/>
								<line number="145" hits="5" branch="false"/>
								<line number="147" hits="12" branch="false"/>
							</lines>
						</method>
						<method name="setAuthor_id" signature="(J)V" line-rate="0.0" branch-rate="1.0" complexity="0">
							<lines>
								<line number="230" hits="0" branch="false"/>
								<line number="231" hits="0" branch="false"/>
							</lines>
						</method>
						<method name="setAuthorsList" signature="(Ljava/util/List;)V" line-rate="0.0" branch-rate="1.0" complexity="0">
							<lines>
								<line number="246" hits="0" branch="false"/>
								<line number="247" hits="0" branch="false"/>
							</lines>
						</method>
						<method name="setBooksList" signature="(Ljava/util/List;)V" line-rate="0.0" branch-rate="1.0" complexity="0">
							<lines>
								<line number="165" hits="0" branch="false"/>
								<line number="166" hits="0" branch="false"/>
							</lines>
						</method>
						<method name="setBooksPopModel" signature="(Lcom/mhmtnasif/library_app/entities/Books;)V" line-rate="1.0" branch-rate="1.0" complexity="0">
							<lines>
								<line number="173" hits="14" branch="false"/>
								<line number="174" hits="14" branch="false"/>
							</lines>
						</method>
						<method name="setCurrentPage" signature="(I)V" line-rate="1.0" branch-rate="1.0" complexity="0">
							<lines>
								<line number="206" hits="70" branch="false"/>
								<line number="207" hits="70" branch="false"/>
							</lines>
						</method>
						<method name="setPopup" signature="(Z)V" line-rate="0.0" branch-rate="1.0" complexity="0">
							<lines>
								<line number="182" hits="0" branch="false"/>
								<line number="183" hits="0" branch="false"/>
							</lines>
						</method>
						<method name="setPublisher_id" signature="(J)V" line-rate="0.0" branch-rate="1.0" complexity="0">
							<lines>
								<line number="238" hits="0" branch="false"/>
								<line number="239" hits="0" branch="false"/>
							</lines>
						</method>
						<method name="setPublishersList" signature="(Ljava/util/List;)V" line-rate="0.0" branch-rate="1.0" complexity="0">
							<lines>
								<line number="254" hits="0" branch="false"/>
								<line number="255" hits="0" branch="false"/>
							</lines>
						</method>
						<method name="setRowsPerPage" signature="(I)V" line-rate="0.0" branch-rate="1.0" complexity="0">
							<lines>
								<line number="190" hits="0" branch="false"/>
								<line number="191" hits="0" branch="false"/>
							</lines>
						</method>
						<method name="setSearchText" signature="(Ljava/lang/String;)V" line-rate="1.0" branch-rate="1.0" complexity="0">
							<lines>
								<line number="222" hits="5" branch="false"/>
								<line number="223" hits="5" branch="false"/>
							</lines>
						</method>
						<method name="setTotalPageSize" signature="(I)V" line-rate="1.0" branch-rate="1.0" complexity="0">
							<lines>
								<line number="198" hits="28" branch="false"/>
								<line number="199" hits="28" branch="false"/>
							</lines>
						</method>
						<method name="setTotalRowSize" signature="(I)V" line-rate="0.0" branch-rate="1.0" complexity="0">
							<lines>
								<line number="214" hits="0" branch="false"/>
								<line number="215" hits="0" branch="false"/>
							</lines>
						</method>
						<method name="updateBook" signature="()V" line-rate="0.9090909090909091" branch-rate="0.5384615384615384" complexity="0">
							<lines>
								<line number="63" hits="14" branch="true" condition-coverage="% 50 (1/2)">
									<conditions>
										<condition number="0" type="jump" coverage="% 50"/>
									</conditions>
								</line>
								<line number="64" hits="14" branch="true" condition-coverage="% 50 (1/2)">
									<conditions>
										<condition number="0" type="jump" coverage="% 50"/>
									</conditions>
								</line>
								<line number="65" hits="14" branch="true" condition-coverage="% 50 (1/2)">
									<conditions>
										<condition number="0" type="jump" coverage="% 50"/>
									</conditions>
								</line>
								<line number="66" hits="14" branch="true" condition-coverage="% 50 (1/2)">
									<conditions>
										<condition number="0" type="jump" coverage="% 50"/>
									</conditions>
								</line>
								<line number="67" hits="14" branch="true" condition-coverage="% 50 (1/2)">
									<conditions>
										<condition number="0" type="jump" coverage="% 50"/>
									</conditions>
								</line>
								<line number="68" hits="14" branch="true" condition-coverage="% 50 (3/6)">
									<conditions>
										<condition number="0" type="jump" coverage="% 50"/>
										<condition number="1" type="jump" coverage="% 50"/>
										<condition number="2" type="jump" coverage="% 50"/>
									</conditions>
								</line>
								<line number="71" hits="14" branch="true" condition-coverage="% 50 (1/2)">
									<conditions>
										<condition number="0" type="jump" coverage="% 50"/>
									</conditions>
								</line>
								<line number="72" hits="14" branch="true" condition-coverage="% 50 (1/2)">
									<conditions>
										<condition number="0" type="jump" coverage="% 50"/>
									</conditions>
								</line>
								<line number="73" hits="14" branch="true" condition-coverage="% 100 (2/2)">
									<conditions>
										<condition number="0" type="jump" coverage="% 100"/>
									</conditions>
								</line>
								<line number="74" hits="7" branch="true" condition-coverage="% 50 (1/2)">
									<conditions>
										<condition number="0" type="jump" coverage="% 50"/>
									</conditions>
								</line>
								<line number="75" hits="7" branch="false"/>
								<line number="76" hits="7" branch="false"/>
								<line number="78" hits="7" branch="false"/>
								<line number="79" hits="7" branch="false"/>
								<line number="80" hits="7" branch="true" condition-coverage="% 50 (1/2)">
									<conditions>
										<condition number="0" type="jump" coverage="% 50"/>
									</conditions>
								</line>
								<line number="81" hits="7" branch="false"/>
								<line number="82" hits="7" branch="false"/>
								<line number="83" hits="7" branch="false"/>
								<line number="85" hits="0" branch="false"/>
								<line number="86" hits="0" branch="false"/>
								<line number="90" hits="14" branch="false"/>
								<line number="91" hits="14" branch="false"/>
							</lines>
						</method>
					</methods>
					<lines>
						<line number="22" hits="89" branch="false"/>
						<line number="24" hits="89" branch="false"/>
						<line number="25" hits="89" branch="false"/>
						<line number="26" hits="89" branch="false"/>
						<line number="43" hits="143" branch="false"/>
						<line number="44" hits="143" branch="false"/>
						<line number="45" hits="143" branch="false"/>
						<line number="46" hits="143" branch="false"/>
						<line number="47" hits="143" branch="false"/>
						<line number="48" hits="143" branch="false"/>
						<line number="49" hits="143" branch="false"/>
						<line number="51" hits="143" branch="false"/>
						<line number="55" hits="7" branch="false"/>
						<line number="56" hits="7" branch="false"/>
						<line number="57" hits="7" branch="false"/>
						<line number="58" hits="7" branch="false"/>
						<line number="60" hits="7" branch="false"/>
						<line number="63" hits="14" branch="true" condition-coverage="% 50 (1/2)">
							<conditions>
								<condition number="0" type="jump" coverage="% 50"/>
							</conditions>
						</line>
						<line number="64" hits="14" branch="true" condition-coverage="% 50 (1/2)">
							<conditions>
								<condition number="0" type="jump" coverage="% 50"/>
							</conditions>
						</line>
						<line number="65" hits="14" branch="true" condition-coverage="% 50 (1/2)">
							<conditions>
								<condition number="0" type="jump" coverage="% 50"/>
							</conditions>
						</line>
						<line number="66" hits="14" branch="true" condition-coverage="% 50 (1/2)">
							<conditions>
								<condition number="0" type="jump" coverage="% 50"/>
							</conditions>
						</line>
						<line number="67" hits="14" branch="true" condition-coverage="% 50 (1/2)">
							<conditions>
								<condition number="0" type="jump" coverage="% 50"/>
							</conditions>
						</line>
						<line number="68" hits="14" branch="true" condition-coverage="% 50 (3/6)">
							<conditions>
								<condition number="0" type="jump" coverage="% 50"/>
								<condition number="1" type="jump" coverage="% 50"/>
								<condition number="2" type="jump" coverage="% 50"/>
							</conditions>
						</line>
						<line number="71" hits="14" branch="true" condition-coverage="% 50 (1/2)">
							<conditions>
								<condition number="0" type="jump" coverage="% 50"/>
							</conditions>
						</line>
						<line number="72" hits="14" branch="true" condition-coverage="% 50 (1/2)">
							<conditions>
								<condition number="0" type="jump" coverage="% 50"/>
							</conditions>
						</line>
						<line number="73" hits="14" branch="true" condition-coverage="% 100 (2/2)">
							<conditions>
								<condition number="0" type="jump" coverage="% 100"/>
							</conditions>
						</line>
						<line number="74" hits="7" branch="true" condition-coverage="% 50 (1/2)">
							<conditions>
								<condition number="0" type="jump" coverage="% 50"/>
							</conditions>
						</line>
						<line number="75" hits="7" branch="false"/>
						<line number="76" hits="7" branch="false"/>
						<line number="78" hits="7" branch="false"/>
						<line number="79" hits="7" branch="false"/>
						<line number="80" hits="7" branch="true" condition-coverage="% 50 (1/2)">
							<conditions>
								<condition number="0" type="jump" coverage="% 50"/>
							</conditions>
						</line>
						<line number="81" hits="7" branch="false"/>
						<line number="82" hits="7" branch="false"/>
						<line number="83" hits="7" branch="false"/>
						<line number="85" hits="0" branch="false"/>
						<line number="86" hits="0" branch="false"/>
						<line number="90" hits="14" branch="false"/>
						<line number="91" hits="14" branch="false"/>
						<line number="94" hits="7" branch="false"/>
						<line number="95" hits="7" branch="false"/>
						<line number="98" hits="7" branch="true" condition-coverage="% 50 (1/2)">
							<conditions>
								<condition number="0" type="jump" coverage="% 50"/>
							</conditions>
						</line>
						<line number="99" hits="7" branch="false"/>
						<line number="100" hits="7" branch="false"/>
						<line number="101" hits="7" branch="false"/>
						<line number="102" hits="7" branch="false"/>
						<line number="103" hits="7" branch="false"/>
						<line number="106" hits="0" branch="false"/>
						<line number="108" hits="7" branch="false"/>
						<line number="111" hits="14" branch="true" condition-coverage="% 100 (2/2)">
							<conditions>
								<condition number="0" type="jump" coverage="% 100"/>
							</conditions>
						</line>
						<line number="112" hits="7" branch="false"/>
						<line number="113" hits="7" branch="false"/>
						<line number="115" hits="14" branch="false"/>
						<line number="118" hits="14" branch="true" condition-coverage="% 100 (2/2)">
							<conditions>
								<condition number="0" type="jump" coverage="% 100"/>
							</conditions>
						</line>
						<line number="119" hits="7" branch="false"/>
						<line number="120" hits="7" branch="false"/>
						<line number="122" hits="14" branch="false"/>
						<line number="125" hits="14" branch="true" condition-coverage="% 100 (2/2)">
							<conditions>
								<condition number="0" type="jump" coverage="% 100"/>
							</conditions>
						</line>
						<line number="126" hits="7" branch="false"/>
						<line number="127" hits="7" branch="false"/>
						<line number="129" hits="14" branch="false"/>
						<line number="132" hits="14" branch="false"/>
						<line number="133" hits="14" branch="false"/>
						<line number="134" hits="14" branch="false"/>
						<line number="137" hits="12" branch="false"/>
						<line number="138" hits="12" branch="false"/>
						<line number="139" hits="12" branch="true" condition-coverage="% 100 (2/2)">
							<conditions>
								<condition number="0" type="jump" coverage="% 100"/>
							</conditions>
						</line>
						<line number="140" hits="7" branch="false"/>
						<line number="141" hits="7" branch="false"/>
						<line number="143" hits="5" branch="false"/>
						<line number="144" hits="5" branch="false"/>
						<line number="145" hits="5" branch="false"/>
						<line number="147" hits="12" branch="false"/>
						<line number="150" hits="28" branch="true" condition-coverage="% 100 (4/4)">
							<conditions>
								<condition number="0" type="jump" coverage="% 100"/>
								<condition number="1" type="jump" coverage="% 100"/>
							</conditions>
						</line>
						<line number="151" hits="7" branch="false"/>
						<line number="152" hits="7" branch="false"/>
						<line number="153" hits="7" branch="false"/>
						<line number="154" hits="21" branch="true" condition-coverage="% 75 (3/4)">
							<conditions>
								<condition number="0" type="jump" coverage="% 100"/>
								<condition number="1" type="jump" coverage="% 50"/>
							</conditions>
						</line>
						<line number="155" hits="7" branch="false"/>
						<line number="156" hits="7" branch="false"/>
						<line number="158" hits="28" branch="false"/>
						<line number="161" hits="152" branch="false"/>
						<line number="165" hits="0" branch="false"/>
						<line number="166" hits="0" branch="false"/>
						<line number="169" hits="21" branch="false"/>
						<line number="173" hits="14" branch="false"/>
						<line number="174" hits="14" branch="false"/>
						<line number="178" hits="14" branch="false"/>
						<line number="182" hits="0" branch="false"/>
						<line number="183" hits="0" branch="false"/>
						<line number="186" hits="0" branch="false"/>
						<line number="190" hits="0" branch="false"/>
						<line number="191" hits="0" branch="false"/>
						<line number="194" hits="21" branch="false"/>
						<line number="198" hits="28" branch="false"/>
						<line number="199" hits="28" branch="false"/>
						<line number="202" hits="70" branch="false"/>
						<line number="206" hits="70" branch="false"/>
						<line number="207" hits="70" branch="false"/>
						<line number="210" hits="96" branch="false"/>
						<line number="214" hits="0" branch="false"/>
						<line number="215" hits="0" branch="false"/>
						<line number="218" hits="0" branch="false"/>
						<line number="222" hits="5" branch="false"/>
						<line number="223" hits="5" branch="false"/>
						<line number="226" hits="0" branch="false"/>
						<line number="230" hits="0" branch="false"/>
						<line number="231" hits="0" branch="false"/>
						<line number="234" hits="0" branch="false"/>
						<line number="238" hits="0" branch="false"/>
						<line number="239" hits="0" branch="false"/>
						<line number="242" hits="0" branch="false"/>
						<line number="246" hits="0" branch="false"/>
						<line number="247" hits="0" branch="false"/>
						<line number="250" hits="0" branch="false"/>
						<line number="254" hits="0" branch="false"/>
						<line number="255" hits="0" branch="false"/>
					</lines>
				</class>
				<class name="com.mhmtnasif.library_app.beans.Constants" filename="com/mhmtnasif/library_app/beans/Constants.java" line-rate="0.0" branch-rate="1.0" complexity="1.0">
					<methods>
						<method name="&lt;clinit&gt;" signature="()V" line-rate="0.0" branch-rate="1.0" complexity="0">
							<lines>
								<line number="9" hits="0" branch="false"/>
								<line number="10" hits="0" branch="false"/>
								<line number="11" hits="0" branch="false"/>
							</lines>
						</method>
						<method name="&lt;init&gt;" signature="()V" line-rate="0.0" branch-rate="1.0" complexity="0">
							<lines>
								<line number="8" hits="0" branch="false"/>
							</lines>
						</method>
						<method name="getClient_id" signature="()Ljava/lang/String;" line-rate="0.0" branch-rate="1.0" complexity="0">
							<lines>
								<line number="14" hits="0" branch="false"/>
							</lines>
						</method>
						<method name="getClient_secret" signature="()Ljava/lang/String;" line-rate="0.0" branch-rate="1.0" complexity="0">
							<lines>
								<line number="30" hits="0" branch="false"/>
							</lines>
						</method>
						<method name="getRedirect_url" signature="()Ljava/lang/String;" line-rate="0.0" branch-rate="1.0" complexity="0">
							<lines>
								<line number="22" hits="0" branch="false"/>
							</lines>
						</method>
						<method name="setClient_id" signature="(Ljava/lang/String;)V" line-rate="0.0" branch-rate="1.0" complexity="0">
							<lines>
								<line number="18" hits="0" branch="false"/>
								<line number="19" hits="0" branch="false"/>
							</lines>
						</method>
						<method name="setClient_secret" signature="(Ljava/lang/String;)V" line-rate="0.0" branch-rate="1.0" complexity="0">
							<lines>
								<line number="34" hits="0" branch="false"/>
								<line number="35" hits="0" branch="false"/>
							</lines>
						</method>
						<method name="setRedirect_url" signature="(Ljava/lang/String;)V" line-rate="0.0" branch-rate="1.0" complexity="0">
							<lines>
								<line number="26" hits="0" branch="false"/>
								<line number="27" hits="0" branch="false"/>
							</lines>
						</method>
					</methods>
					<lines>
						<line number="8" hits="0" branch="false"/>
						<line number="9" hits="0" branch="false"/>
						<line number="10" hits="0" branch="false"/>
						<line number="11" hits="0" branch="false"/>
						<line number="14" hits="0" branch="false"/>
						<line number="18" hits="0" branch="false"/>
						<line number="19" hits="0" branch="false"/>
						<line number="22" hits="0" branch="false"/>
						<line number="26" hits="0" branch="false"/>
						<line number="27" hits="0" branch="false"/>
						<line number="30" hits="0" branch="false"/>
						<line number="34" hits="0" branch="false"/>
						<line number="35" hits="0" branch="false"/>
					</lines>
				</class>
				<class name="com.mhmtnasif.library_app.beans.IndexBean" filename="com/mhmtnasif/library_app/beans/IndexBean.java" line-rate="0.3541666666666667" branch-rate="0.25" complexity="1.375">
					<methods>
						<method name="&lt;init&gt;" signature="()V" line-rate="1.0" branch-rate="1.0" complexity="0">
							<lines>
								<line number="23" hits="40" branch="false"/>
								<line number="25" hits="40" branch="false"/>
								<line number="26" hits="40" branch="false"/>
								<line number="27" hits="40" branch="false"/>
								<line number="28" hits="40" branch="false"/>
							</lines>
						</method>
						<method name="cancel" signature="()V" line-rate="1.0" branch-rate="1.0" complexity="0">
							<lines>
								<line number="84" hits="5" branch="false"/>
								<line number="85" hits="5" branch="false"/>
							</lines>
						</method>
						<method name="first" signature="()V" line-rate="0.6666666666666666" branch-rate="1.0" complexity="0">
							<lines>
								<line number="99" hits="0" branch="false"/>
								<line number="101" hits="0" branch="false"/>
								<line number="103" hits="10" branch="true" condition-coverage="% 100 (2/2)">
									<conditions>
										<condition number="0" type="jump" coverage="% 100"/>
									</conditions>
								</line>
								<line number="104" hits="5" branch="false"/>
								<line number="105" hits="5" branch="false"/>
								<line number="107" hits="10" branch="false"/>
							</lines>
						</method>
						<method name="getAuthor_id" signature="()J" line-rate="0.0" branch-rate="1.0" complexity="0">
							<lines>
								<line number="188" hits="0" branch="false"/>
								<line number="210" hits="0" branch="false"/>
							</lines>
						</method>
						<method name="getBooksList" signature="()Ljava/util/List;" line-rate="0.0" branch-rate="1.0" complexity="0">
							<lines>
								<line number="146" hits="0" branch="false"/>
							</lines>
						</method>
						<method name="getBooksPopModel" signature="()Lcom/mhmtnasif/library_app/entities/Books;" line-rate="0.5" branch-rate="1.0" complexity="0">
							<lines>
								<line number="132" hits="0" branch="false"/>
								<line number="154" hits="5" branch="false"/>
							</lines>
						</method>
						<method name="getCode" signature="()Ljava/lang/String;" line-rate="0.0" branch-rate="1.0" complexity="0">
							<lines>
								<line number="130" hits="0" branch="false"/>
							</lines>
						</method>
						<method name="getCurrentPage" signature="()I" line-rate="0.5" branch-rate="1.0" complexity="0">
							<lines>
								<line number="164" hits="0" branch="false"/>
								<line number="186" hits="45" branch="false"/>
							</lines>
						</method>
						<method name="getPublisher_id" signature="()J" line-rate="0.0" branch-rate="1.0" complexity="0">
							<lines>
								<line number="196" hits="0" branch="false"/>
								<line number="218" hits="0" branch="false"/>
							</lines>
						</method>
						<method name="getRowsPerPage" signature="()I" line-rate="0.0" branch-rate="1.0" complexity="0">
							<lines>
								<line number="148" hits="0" branch="false"/>
								<line number="170" hits="0" branch="false"/>
							</lines>
						</method>
						<method name="getSearchText" signature="()Ljava/lang/String;" line-rate="0.0" branch-rate="1.0" complexity="0">
							<lines>
								<line number="180" hits="0" branch="false"/>
								<line number="202" hits="0" branch="false"/>
							</lines>
						</method>
						<method name="getState" signature="()Ljava/lang/String;" line-rate="0.0" branch-rate="1.0" complexity="0">
							<lines>
								<line number="138" hits="0" branch="false"/>
							</lines>
						</method>
						<method name="getTotalPageSize" signature="()I" line-rate="0.0" branch-rate="1.0" complexity="0">
							<lines>
								<line number="156" hits="0" branch="false"/>
[...]
						</method>
						<method name="getHeadline" signature="()Ljava/lang/String;" line-rate="0.0" branch-rate="1.0" complexity="0">
							<lines>
								<line number="15" hits="0" branch="false"/>
							</lines>
						</method>
						<method name="getId" signature="()Ljava/lang/String;" line-rate="0.0" branch-rate="1.0" complexity="0">
							<lines>
								<line number="27" hits="0" branch="false"/>
							</lines>
						</method>
						<method name="getLastName" signature="()Ljava/lang/String;" line-rate="0.0" branch-rate="1.0" complexity="0">
							<lines>
								<line number="21" hits="0" branch="false"/>
							</lines>
						</method>
						<method name="setFirstName" signature="(Ljava/lang/String;)V" line-rate="0.0" branch-rate="1.0" complexity="0">
							<lines>
								<line number="12" hits="0" branch="false"/>
								<line number="13" hits="0" branch="false"/>
							</lines>
						</method>
						<method name="setHeadline" signature="(Ljava/lang/String;)V" line-rate="0.0" branch-rate="1.0" complexity="0">
							<lines>
								<line number="18" hits="0" branch="false"/>
								<line number="19" hits="0" branch="false"/>
							</lines>
						</method>
						<method name="setId" signature="(Ljava/lang/String;)V" line-rate="0.0" branch-rate="1.0" complexity="0">
							<lines>
								<line number="30" hits="0" branch="false"/>
								<line number="31" hits="0" branch="false"/>
							</lines>
						</method>
						<method name="setLastName" signature="(Ljava/lang/String;)V" line-rate="0.0" branch-rate="1.0" complexity="0">
							<lines>
								<line number="24" hits="0" branch="false"/>
								<line number="25" hits="0" branch="false"/>
							</lines>
						</method>
					</methods>
					<lines>
						<line number="3" hits="40" branch="false"/>
						<line number="9" hits="0" branch="false"/>
						<line number="12" hits="0" branch="false"/>
						<line number="13" hits="0" branch="false"/>
						<line number="15" hits="0" branch="false"/>
						<line number="18" hits="0" branch="false"/>
						<line number="19" hits="0" branch="false"/>
						<line number="21" hits="0" branch="false"/>
						<line number="24" hits="0" branch="false"/>
						<line number="25" hits="0" branch="false"/>
						<line number="27" hits="0" branch="false"/>
						<line number="30" hits="0" branch="false"/>
						<line number="31" hits="0" branch="false"/>
					</lines>
				</class>
				<class name="com.mhmtnasif.library_app.util.LinkedinPostGet" filename="com/mhmtnasif/library_app/util/LinkedinPostGet.java" line-rate="0.02" branch-rate="0.0" complexity="2.0">
					<methods>
						<method name="&lt;init&gt;" signature="()V" line-rate="1.0" branch-rate="1.0" complexity="0">
							<lines>
								<line number="16" hits="40" branch="false"/>
							</lines>
						</method>
						<method name="sendGet" signature="(Ljava/lang/String;)Lcom/mhmtnasif/library_app/util/LinkedInProfile;" line-rate="0.0" branch-rate="0.0" complexity="0">
							<lines>
								<line number="57" hits="0" branch="false"/>
								<line number="58" hits="0" branch="false"/>
								<line number="59" hits="0" branch="false"/>
								<line number="60" hits="0" branch="false"/>
								<line number="61" hits="0" branch="false"/>
								<line number="62" hits="0" branch="false"/>
								<line number="63" hits="0" branch="false"/>
								<line number="64" hits="0" branch="false"/>
								<line number="68" hits="0" branch="false"/>
								<line number="69" hits="0" branch="false"/>
								<line number="70" hits="0" branch="false"/>
								<line number="72" hits="0" branch="false"/>
								<line number="73" hits="0" branch="false"/>
								<line number="75" hits="0" branch="false"/>
								<line number="77" hits="0" branch="true" condition-coverage="% 0 (0/2)">
									<conditions>
										<condition number="0" type="jump" coverage="% 0"/>
									</conditions>
								</line>
								<line number="78" hits="0" branch="false"/>
								<line number="80" hits="0" branch="false"/>
								<line number="81" hits="0" branch="false"/>
								<line number="82" hits="0" branch="false"/>
								<line number="83" hits="0" branch="false"/>
								<line number="84" hits="0" branch="false"/>
								<line number="85" hits="0" branch="false"/>
								<line number="86" hits="0" branch="false"/>
							</lines>
						</method>
						<method name="sendPost" signature="(Ljava/lang/String;)Lcom/mhmtnasif/library_app/util/LinkedInProfile;" line-rate="0.0" branch-rate="0.0" complexity="0">
							<lines>
								<line number="20" hits="0" branch="false"/>
								<line number="21" hits="0" branch="false"/>
								<line number="22" hits="0" branch="false"/>
								<line number="23" hits="0" branch="false"/>
								<line number="24" hits="0" branch="false"/>
								<line number="25" hits="0" branch="false"/>
								<line number="26" hits="0" branch="false"/>
								<line number="27" hits="0" branch="false"/>
								<line number="28" hits="0" branch="false"/>
								<line number="29" hits="0" branch="false"/>
								<line number="30" hits="0" branch="false"/>
								<line number="31" hits="0" branch="false"/>
								<line number="32" hits="0" branch="false"/>
								<line number="33" hits="0" branch="false"/>
								<line number="34" hits="0" branch="false"/>
								<line number="35" hits="0" branch="false"/>
								<line number="36" hits="0" branch="false"/>
								<line number="37" hits="0" branch="false"/>
								<line number="39" hits="0" branch="false"/>
								<line number="41" hits="0" branch="true" condition-coverage="% 0 (0/2)">
									<conditions>
										<condition number="0" type="jump" coverage="% 0"/>
									</conditions>
								</line>
								<line number="42" hits="0" branch="false"/>
								<line number="44" hits="0" branch="false"/>
								<line number="45" hits="0" branch="false"/>
								<line number="46" hits="0" branch="false"/>
								<line number="48" hits="0" branch="false"/>
								<line number="49" hits="0" branch="false"/>
							</lines>
						</method>
					</methods>
					<lines>
						<line number="16" hits="40" branch="false"/>
						<line number="20" hits="0" branch="false"/>
						<line number="21" hits="0" branch="false"/>
						<line number="22" hits="0" branch="false"/>
						<line number="23" hits="0" branch="false"/>
						<line number="24" hits="0" branch="false"/>
						<line number="25" hits="0" branch="false"/>
						<line number="26" hits="0" branch="false"/>
						<line number="27" hits="0" branch="false"/>
						<line number="28" hits="0" branch="false"/>
						<line number="29" hits="0" branch="false"/>
						<line number="30" hits="0" branch="false"/>
						<line number="31" hits="0" branch="false"/>
						<line number="32" hits="0" branch="false"/>
						<line number="33" hits="0" branch="false"/>
						<line number="34" hits="0" branch="false"/>
						<line number="35" hits="0" branch="false"/>
						<line number="36" hits="0" branch="false"/>
						<line number="37" hits="0" branch="false"/>
						<line number="39" hits="0" branch="false"/>
						<line number="41" hits="0" branch="true" condition-coverage="% 0 (0/2)">
							<conditions>
								<condition number="0" type="jump" coverage="% 0"/>
							</conditions>
						</line>
						<line number="42" hits="0" branch="false"/>
						<line number="44" hits="0" branch="false"/>
						<line number="45" hits="0" branch="false"/>
						<line number="46" hits="0" branch="false"/>
						<line number="48" hits="0" branch="false"/>
						<line number="49" hits="0" branch="false"/>
						<line number="57" hits="0" branch="false"/>
						<line number="58" hits="0" branch="false"/>
						<line number="59" hits="0" branch="false"/>
						<line number="60" hits="0" branch="false"/>
						<line number="61" hits="0" branch="false"/>
						<line number="62" hits="0" branch="false"/>
						<line number="63" hits="0" branch="false"/>
						<line number="64" hits="0" branch="false"/>
						<line number="68" hits="0" branch="false"/>
						<line number="69" hits="0" branch="false"/>
						<line number="70" hits="0" branch="false"/>
						<line number="72" hits="0" branch="false"/>
						<line number="73" hits="0" branch="false"/>
						<line number="75" hits="0" branch="false"/>
						<line number="77" hits="0" branch="true" condition-coverage="% 0 (0/2)">
							<conditions>
								<condition number="0" type="jump" coverage="% 0"/>
							</conditions>
						</line>
						<line number="78" hits="0" branch="false"/>
						<line number="80" hits="0" branch="false"/>
						<line number="81" hits="0" branch="false"/>
						<line number="82" hits="0" branch="false"/>
						<line number="83" hits="0" branch="false"/>
						<line number="84" hits="0" branch="false"/>
						<line number="85" hits="0" branch="false"/>
						<line number="86" hits="0" branch="false"/>
					</lines>
				</class>
				<class name="com.mhmtnasif.library_app.util.LoginFilter" filename="com/mhmtnasif/library_app/util/LoginFilter.java" line-rate="0.0" branch-rate="0.0" complexity="8.333333333333334">
					<methods>
						<method name="&lt;init&gt;" signature="()V" line-rate="0.0" branch-rate="1.0" complexity="0">
							<lines>
								<line number="12" hits="0" branch="false"/>
							</lines>
						</method>
						<method name="destroy" signature="()V" line-rate="0.0" branch-rate="1.0" complexity="0">
							<lines>
								<line number="62" hits="0" branch="false"/>
							</lines>
						</method>
						<method name="doFilter" signature="(Ljavax/servlet/ServletRequest;Ljavax/servlet/ServletResponse;Ljavax/servlet/FilterChain;)V" line-rate="0.0" branch-rate="0.0" complexity="0">
							<lines>
								<line number="20" hits="0" branch="false"/>
								<line number="21" hits="0" branch="false"/>
								<line number="22" hits="0" branch="false"/>
								<line number="23" hits="0" branch="false"/>
								<line number="25" hits="0" branch="true" condition-coverage="% 0 (0/2)">
									<conditions>
										<condition number="0" type="jump" coverage="% 0"/>
									</conditions>
								</line>
								<line number="26" hits="0" branch="true" condition-coverage="% 0 (0/4)">
									<conditions>
										<condition number="0" type="jump" coverage="% 0"/>
										<condition number="1" type="jump" coverage="% 0"/>
									</conditions>
								</line>
								<line number="27" hits="0" branch="false"/>
								<line number="30" hits="0" branch="true" condition-coverage="% 0 (0/2)">
									<conditions>
										<condition number="0" type="jump" coverage="% 0"/>
									</conditions>
								</line>
								<line number="31" hits="0" branch="true" condition-coverage="% 0 (0/10)">
									<conditions>
										<condition number="0" type="jump" coverage="% 0"/>
										<condition number="1" type="jump" coverage="% 0"/>
										<condition number="2" type="jump" coverage="% 0"/>
										<condition number="3" type="jump" coverage="% 0"/>
										<condition number="4" type="jump" coverage="% 0"/>
									</conditions>
								</line>
								<line number="32" hits="0" branch="false"/>
								<line number="33" hits="0" branch="true" condition-coverage="% 0 (0/2)">
									<conditions>
										<condition number="0" type="jump" coverage="% 0"/>
									</conditions>
								</line>
								<line number="34" hits="0" branch="false"/>
								<line number="35" hits="0" branch="false"/>
								<line number="36" hits="0" branch="false"/>
								<line number="39" hits="0" branch="true" condition-coverage="% 0 (0/2)">
									<conditions>
										<condition number="0" type="jump" coverage="% 0"/>
									</conditions>
								</line>
								<line number="40" hits="0" branch="true" condition-coverage="% 0 (0/2)">
									<conditions>
										<condition number="0" type="jump" coverage="% 0"/>
									</conditions>
								</line>
								<line number="41" hits="0" branch="true" condition-coverage="% 0 (0/2)">
									<conditions>
										<condition number="0" type="jump" coverage="% 0"/>
									</conditions>
								</line>
								<line number="42" hits="0" branch="true" condition-coverage="% 0 (0/2)">
									<conditions>
										<condition number="0" type="jump" coverage="% 0"/>
									</conditions>
								</line>
								<line number="43" hits="0" branch="true" condition-coverage="% 0 (0/2)">
									<conditions>
										<condition number="0" type="jump" coverage="% 0"/>
									</conditions>
								</line>
								<line number="44" hits="0" branch="true" condition-coverage="% 0 (0/2)">
									<conditions>
										<condition number="0" type="jump" coverage="% 0"/>
									</conditions>
								</line>
								<line number="45" hits="0" branch="true" condition-coverage="% 0 (0/2)">
									<conditions>
										<condition number="0" type="jump" coverage="% 0"/>
									</conditions>
								</line>
								<line number="46" hits="0" branch="true" condition-coverage="% 0 (0/2)">
									<conditions>
										<condition number="0" type="jump" coverage="% 0"/>
									</conditions>
								</line>
								<line number="47" hits="0" branch="true" condition-coverage="% 0 (0/2)">
									<conditions>
										<condition number="0" type="jump" coverage="% 0"/>
									</conditions>
								</line>
								<line number="48" hits="0" branch="false"/>
								<line number="49" hits="0" branch="true" condition-coverage="% 0 (0/2)">
									<conditions>
										<condition number="0" type="jump" coverage="% 0"/>
									</conditions>
								</line>
								<line number="50" hits="0" branch="false"/>
								<line number="51" hits="0" branch="false"/>
								<line number="52" hits="0" branch="false"/>
								<line number="57" hits="0" branch="false"/>
								<line number="58" hits="0" branch="false"/>
							</lines>
						</method>
						<method name="init" signature="(Ljavax/servlet/FilterConfig;)V" line-rate="0.0" branch-rate="1.0" complexity="0">
							<lines>
								<line number="17" hits="0" branch="false"/>
							</lines>
						</method>
					</methods>
					<lines>
						<line number="12" hits="0" branch="false"/>
						<line number="17" hits="0" branch="false"/>
						<line number="20" hits="0" branch="false"/>
						<line number="21" hits="0" branch="false"/>
						<line number="22" hits="0" branch="false"/>
						<line number="23" hits="0" branch="false"/>
						<line number="25" hits="0" branch="true" condition-coverage="% 0 (0/2)">
							<conditions>
								<condition number="0" type="jump" coverage="% 0"/>
							</conditions>
						</line>
						<line number="26" hits="0" branch="true" condition-coverage="% 0 (0/4)">
							<conditions>
								<condition number="0" type="jump" coverage="% 0"/>
								<condition number="1" type="jump" coverage="% 0"/>
							</conditions>
						</line>
						<line number="27" hits="0" branch="false"/>
						<line number="30" hits="0" branch="true" condition-coverage="% 0 (0/2)">
							<conditions>
								<condition number="0" type="jump" coverage="% 0"/>
							</conditions>
						</line>
						<line number="31" hits="0" branch="true" condition-coverage="% 0 (0/10)">
							<conditions>
								<condition number="0" type="jump" coverage="% 0"/>
								<condition number="1" type="jump" coverage="% 0"/>
								<condition number="2" type="jump" coverage="% 0"/>
								<condition number="3" type="jump" coverage="% 0"/>
								<condition number="4" type="jump" coverage="% 0"/>
							</conditions>
						</line>
						<line number="32" hits="0" branch="false"/>
						<line number="33" hits="0" branch="true" condition-coverage="% 0 (0/2)">
							<conditions>
								<condition number="0" type="jump" coverage="% 0"/>
							</conditions>
						</line>
						<line number="34" hits="0" branch="false"/>
						<line number="35" hits="0" branch="false"/>
						<line number="36" hits="0" branch="false"/>
						<line number="39" hits="0" branch="true" condition-coverage="% 0 (0/2)">
							<conditions>
								<condition number="0" type="jump" coverage="% 0"/>
							</conditions>
						</line>
						<line number="40" hits="0" branch="true" condition-coverage="% 0 (0/2)">
							<conditions>
								<condition number="0" type="jump" coverage="% 0"/>
							</conditions>
						</line>
						<line number="41" hits="0" branch="true" condition-coverage="% 0 (0/2)">
							<conditions>
								<condition number="0" type="jump" coverage="% 0"/>
							</conditions>
						</line>
						<line number="42" hits="0" branch="true" condition-coverage="% 0 (0/2)">
							<conditions>
								<condition number="0" type="jump" coverage="% 0"/>
							</conditions>
						</line>
						<line number="43" hits="0" branch="true" condition-coverage="% 0 (0/2)">
							<conditions>
								<condition number="0" type="jump" coverage="% 0"/>
							</conditions>
						</line>
						<line number="44" hits="0" branch="true" condition-coverage="% 0 (0/2)">
							<conditions>
								<condition number="0" type="jump" coverage="% 0"/>
							</conditions>
						</line>
						<line number="45" hits="0" branch="true" condition-coverage="% 0 (0/2)">
							<conditions>
								<condition number="0" type="jump" coverage="% 0"/>
							</conditions>
						</line>
						<line number="46" hits="0" branch="true" condition-coverage="% 0 (0/2)">
							<conditions>
								<condition number="0" type="jump" coverage="% 0"/>
							</conditions>
						</line>
						<line number="47" hits="0" branch="true" condition-coverage="% 0 (0/2)">
							<conditions>
								<condition number="0" type="jump" coverage="% 0"/>
							</conditions>
						</line>
						<line number="48" hits="0" branch="false"/>
						<line number="49" hits="0" branch="true" condition-coverage="% 0 (0/2)">
							<conditions>
								<condition number="0" type="jump" coverage="% 0"/>
							</conditions>
						</line>
						<line number="50" hits="0" branch="false"/>
						<line number="51" hits="0" branch="false"/>
						<line number="52" hits="0" branch="false"/>
						<line number="57" hits="0" branch="false"/>
						<line number="58" hits="0" branch="false"/>
						<line number="62" hits="0" branch="false"/>
					</lines>
				</class>
				<class name="com.mhmtnasif.library_app.util.Util" filename="com/mhmtnasif/library_app/util/Util.java" line-rate="0.875" branch-rate="1.0" complexity="2.0">
					<methods>
						<method name="&lt;init&gt;" signature="()V" line-rate="0.0" branch-rate="1.0" complexity="0">
							<lines>
								<line number="6" hits="0" branch="false"/>
							</lines>
						</method>
						<method name="hashMD5" signature="(Ljava/lang/String;)Ljava/lang/String;" line-rate="1.0" branch-rate="1.0" complexity="0">
							<lines>
								<line number="9" hits="48" branch="false"/>
								<line number="10" hits="48" branch="false"/>
								<line number="11" hits="48" branch="false"/>
								<line number="12" hits="48" branch="false"/>
								<line number="13" hits="816" branch="true" condition-coverage="% 100 (2/2)">
									<conditions>
										<condition number="0" type="jump" coverage="% 100"/>
									</conditions>
								</line>
								<line number="14" hits="768" branch="false"/>
								<line number="16" hits="48" branch="false"/>
							</lines>
						</method>
					</methods>
					<lines>
						<line number="6" hits="0" branch="false"/>
						<line number="9" hits="48" branch="false"/>
						<line number="10" hits="48" branch="false"/>
						<line number="11" hits="48" branch="false"/>
						<line number="12" hits="48" branch="false"/>
						<line number="13" hits="816" branch="true" condition-coverage="% 100 (2/2)">
							<conditions>
								<condition number="0" type="jump" coverage="% 100"/>
							</conditions>
						</line>
						<line number="14" hits="768" branch="false"/>
						<line number="16" hits="48" branch="false"/>
					</lines>
				</class>
			</classes>
		</package>
	</packages>
</coverage>
