<?xml version="1.0" encoding="UTF-8" ?>
<testsuite tests="8" failures="1" name="com.mhmtnasif.library_app.beans.AddedBeanTest" time="6.449" errors="0" skipped="0">
  <properties>
[...]
</properties>
  <testcase classname="com.mhmtnasif.library_app.beans.AddedBeanTest" name="next" time="5.787"/>
  <testcase classname="com.mhmtnasif.library_app.beans.AddedBeanTest" name="first" time="0.087"/>
  <testcase classname="com.mhmtnasif.library_app.beans.AddedBeanTest" name="prev" time="0.093"/>
  <testcase classname="com.mhmtnasif.library_app.beans.AddedBeanTest" name="last" time="0.132"/>
  <testcase classname="com.mhmtnasif.library_app.beans.AddedBeanTest" name="cancel" time="0.035"/>
  <testcase classname="com.mhmtnasif.library_app.beans.AddedBeanTest" name="searchResultList" time="0.081">
    <failure message="currentPage should be 1" type="java.lang.AssertionError">java.lang.AssertionError: currentPage should be 1
	at org.junit.Assert.fail(Assert.java:88)
	at org.junit.Assert.assertTrue(Assert.java:41)
	at com.mhmtnasif.library_app.beans.AddedBeanTest.searchResultList(AddedBeanTest.java:119)
	at sun.reflect.NativeMethodAccessorImpl.invoke0(Native Method)
	at sun.reflect.NativeMethodAccessorImpl.invoke(NativeMethodAccessorImpl.java:62)
	at sun.reflect.DelegatingMethodAccessorImpl.invoke(DelegatingMethodAccessorImpl.java:43)
	at java.lang.reflect.Method.invoke(Method.java:498)
	at org.junit.internal.runners.TestMethod.invoke(TestMethod.java:68)
	at org.powermock.modules.junit4.internal.impl.PowerMockJUnit44RunnerDelegateImpl$PowerMockJUnit44MethodRunner.runTestMethod(PowerMockJUnit44RunnerDelegateImpl.java:310)
	at org.junit.internal.runners.MethodRoadie$2.run(MethodRoadie.java:89)
	at org.junit.internal.runners.MethodRoadie.runBeforesThenTestThenAfters(MethodRoadie.java:97)
	at org.powermock.modules.junit4.internal.impl.PowerMockJUnit44RunnerDelegateImpl$PowerMockJUnit44MethodRunner.executeTest(PowerMockJUnit44RunnerDelegateImpl.java:294)
	at org.powermock.modules.junit4.internal.impl.PowerMockJUnit47RunnerDelegateImpl$PowerMockJUnit47MethodRunner.executeTestInSuper(PowerMockJUnit47RunnerDelegateImpl.java:127)
	at org.powermock.modules.junit4.internal.impl.PowerMockJUnit47RunnerDelegateImpl$PowerMockJUnit47MethodRunner.executeTest(PowerMockJUnit47RunnerDelegateImpl.java:82)
	at org.powermock.modules.junit4.internal.impl.PowerMockJUnit44RunnerDelegateImpl$PowerMockJUnit44MethodRunner.runBeforesThenTestThenAfters(PowerMockJUnit44RunnerDelegateImpl.java:282)
	at org.junit.internal.runners.MethodRoadie.runTest(MethodRoadie.java:87)
	at org.junit.internal.runners.MethodRoadie.run(MethodRoadie.java:50)
	at org.powermock.modules.junit4.internal.impl.PowerMockJUnit44RunnerDelegateImpl.invokeTestMethod(PowerMockJUnit44RunnerDelegateImpl.java:207)
	at org.powermock.modules.junit4.internal.impl.PowerMockJUnit44RunnerDelegateImpl.runMethods(PowerMockJUnit44RunnerDelegateImpl.java:146)
	at org.powermock.modules.junit4.internal.impl.PowerMockJUnit44RunnerDelegateImpl$1.run(PowerMockJUnit44RunnerDelegateImpl.java:120)
	at org.junit.internal.runners.ClassRoadie.runUnprotected(ClassRoadie.java:34)
	at org.junit.internal.runners.ClassRoadie.runProtected(ClassRoadie.java:44)
	at org.powermock.modules.junit4.internal.impl.PowerMockJUnit44RunnerDelegateImpl.run(PowerMockJUnit44RunnerDelegateImpl.java:122)
	at org.powermock.modules.junit4.common.internal.impl.JUnit4TestSuiteChunkerImpl.run(JUnit4TestSuiteChunkerImpl.java:106)
	at org.powermock.modules.junit4.common.internal.impl.AbstractCommonPowerMockRunner.run(AbstractCommonPowerMockRunner.java:53)
	at org.powermock.modules.junit4.PowerMockRunner.run(PowerMockRunner.java:59)
	at org.apache.maven.surefire.junit4.JUnit4Provider.execute(JUnit4Provider.java:252)
	at org.apache.maven.surefire.junit4.JUnit4Provider.executeTestSet(JUnit4Provider.java:141)
	at org.apache.maven.surefire.junit4.JUnit4Provider.invoke(JUnit4Provider.java:112)
	at sun.reflect.NativeMethodAccessorImpl.invoke0(Native Method)
	at sun.reflect.NativeMethodAccessorImpl.invoke(NativeMethodAccessorImpl.java:62)
	at sun.reflect.DelegatingMethodAccessorImpl.invoke(DelegatingMethodAccessorImpl.java:43)
	at java.lang.reflect.Method.invoke(Method.java:498)
	at org.apache.maven.surefire.util.ReflectionUtils.invokeMethodWithArray(ReflectionUtils.java:189)
	at org.apache.maven.surefire.booter.ProviderFactory$ProviderProxy.invoke(ProviderFactory.java:165)
	at org.apache.maven.surefire.booter.ProviderFactory.invokeProvider(ProviderFactory.java:85)
	at org.apache.maven.surefire.booter.ForkedBooter.runSuitesInProcess(ForkedBooter.java:115)
	at org.apache.maven.surefire.booter.ForkedBooter.main(ForkedBooter.java:75)
</failure>
    <system-out>[EL Fine]: sql: 2018-05-30 04:59:58.235--ServerSession(2122357625)--Connection(244190700)--Thread(Thread[main,5,main])--SELECT İD, İSADMİN, PASSWORD, USERNAME FROM USERS WHERE (USERNAME = ?)
	bind =&gt; [furkan]
[EL Fine]: sql: 2018-05-30 04:59:58.264--ServerSession(2122357625)--Connection(244190700)--Thread(Thread[main,5,main])--SELECT t0.İD, t0.BOOK_DESC, t0.BOOK_İSBN, t0.BOOK_NAME, t0.BOOK_SERİAL_NAME, t0.BOOK_SUB_NAME, t0.BOOK_AUTHOR_İD, t0.BOOK_PUBLİSHER_İD, t0.BOOK_USER_İD FROM BOOKS t0, PUBLİSHERS t2, AUTHORS t1 WHERE (((t0.BOOK_USER_İD = ?) AND ((((((LOWER(t0.BOOK_NAME) LIKE CONCAT(CONCAT(?, ?), ?) OR LOWER(t0.BOOK_SUB_NAME) LIKE CONCAT(CONCAT(?, ?), ?)) OR LOWER(t0.BOOK_SERİAL_NAME) LIKE CONCAT(CONCAT(?, ?), ?)) OR LOWER(t0.BOOK_İSBN) LIKE CONCAT(CONCAT(?, ?), ?)) OR LOWER(t0.BOOK_DESC) LIKE CONCAT(CONCAT(?, ?), ?)) OR LOWER(t1.AUTHORS_NAME) LIKE CONCAT(CONCAT(?, ?), ?)) OR LOWER(t2.PUBLİSHER_NAME) LIKE CONCAT(CONCAT(?, ?), ?))) AND ((t1.İD = t0.BOOK_AUTHOR_İD) AND (t2.İD = t0.BOOK_PUBLİSHER_İD)))
	bind =&gt; [1, %, , %, %, , %, %, , %, %, , %, %, , %, %, , %, %, , %]
</system-out>
  </testcase>
  <testcase classname="com.mhmtnasif.library_app.beans.AddedBeanTest" name="show" time="0.114"/>
  <testcase classname="com.mhmtnasif.library_app.beans.AddedBeanTest" name="searchResultListISEmpty" time="0.12"/>
</testsuite>