<?xml version="1.0" encoding="UTF-8" ?>
<testsuite tests="10" failures="0" name="com.mhmtnasif.library_app.daoImpl.BooksDaoImplTest" time="0.558" errors="10" skipped="0">
  <properties>
[...]
</properties>
  <testcase classname="com.mhmtnasif.library_app.daoImpl.BooksDaoImplTest" name="findByAuthorId" time="0.018">
    <error type="java.lang.NullPointerException">java.lang.NullPointerException
	at com.mhmtnasif.library_app.daoImpl.BooksDaoImpl.findByAuthorId(BooksDaoImpl.java:106)
	at com.mhmtnasif.library_app.daoImpl.BooksDaoImplTest.setUp(BooksDaoImplTest.java:35)
	at sun.reflect.NativeMethodAccessorImpl.invoke0(Native Method)
	at sun.reflect.NativeMethodAccessorImpl.invoke(NativeMethodAccessorImpl.java:62)
	at sun.reflect.DelegatingMethodAccessorImpl.invoke(DelegatingMethodAccessorImpl.java:43)
	at java.lang.reflect.Method.invoke(Method.java:498)
	at org.junit.runners.model.FrameworkMethod$1.runReflectiveCall(FrameworkMethod.java:50)
	at org.junit.internal.runners.model.ReflectiveCallable.run(ReflectiveCallable.java:12)
	at org.junit.runners.model.FrameworkMethod.invokeExplosively(FrameworkMethod.java:47)
	at org.junit.internal.runners.statements.RunBefores.evaluate(RunBefores.java:24)
	at org.junit.runners.ParentRunner.runLeaf(ParentRunner.java:325)
	at org.junit.runners.BlockJUnit4ClassRunner.runChild(BlockJUnit4ClassRunner.java:78)
	at org.junit.runners.BlockJUnit4ClassRunner.runChild(BlockJUnit4ClassRunner.java:57)
	at org.junit.runners.ParentRunner$3.run(ParentRunner.java:290)
	at org.junit.runners.ParentRunner$1.schedule(ParentRunner.java:71)
	at org.junit.runners.ParentRunner.runChildren(ParentRunner.java:288)
	at org.junit.runners.ParentRunner.access$000(ParentRunner.java:58)
	at org.junit.runners.ParentRunner$2.evaluate(ParentRunner.java:268)
	at org.junit.runners.ParentRunner.run(ParentRunner.java:363)
	at org.apache.maven.surefire.junit4.JUnit4Provider.execute(JUnit4Provider.java:252)
	at org.apache.maven.surefire.junit4.JUnit4Provider.executeTestSet(JUnit4Provider.java:141)
	at org.apache.maven.surefire.junit4.JUnit4Provider.invoke(JUnit4Provider.java:112)
	at sun.reflect.NativeMethodAccessorImpl.invoke0(Native Method)
	at sun.reflect.NativeMethodAccessorImpl.invoke(NativeMethodAccessorImpl.java:62)
	at sun.reflect.DelegatingMethodAccessorImpl.invoke(DelegatingMethodAccessorImpl.java:43)
	at java.lang.reflect.Method.invoke(Method.java:498)
	at org.apache.maven.surefire.util.ReflectionUtils.invokeMethodWithArray(ReflectionUtils.java:189)
	at org.apache.maven.surefire.booter.ProviderFactory$ProviderProxy.invoke(ProviderFactory.java:165)
	at org.apache.maven.surefire.booter.ProviderFactory.invokeProvider(ProviderFactory.java:85)
	at org.apache.maven.surefire.booter.ForkedBooter.runSuitesInProcess(ForkedBooter.java:115)
	at org.apache.maven.surefire.booter.ForkedBooter.main(ForkedBooter.java:75)
</error>
    <system-out>[EL Fine]: sql: 2018-05-30 05:00:28.314--ServerSession(1797717514)--Connection(1297323958)--Thread(Thread[main,5,main])--SELECT t0.İD, t0.BOOK_DESC, t0.BOOK_İSBN, t0.BOOK_NAME, t0.BOOK_SERİAL_NAME, t0.BOOK_SUB_NAME, t0.BOOK_AUTHOR_İD, t0.BOOK_PUBLİSHER_İD, t0.BOOK_USER_İD FROM BOOKS t0, PUBLİSHERS t2, AUTHORS t1 WHERE (((((((LOWER(t0.BOOK_NAME) LIKE CONCAT(CONCAT(?, ?), ?) OR LOWER(t0.BOOK_SUB_NAME) LIKE CONCAT(CONCAT(?, ?), ?)) OR LOWER(t0.BOOK_SERİAL_NAME) LIKE CONCAT(CONCAT(?, ?), ?)) OR LOWER(t0.BOOK_İSBN) LIKE CONCAT(CONCAT(?, ?), ?)) OR LOWER(t0.BOOK_DESC) LIKE CONCAT(CONCAT(?, ?), ?)) OR LOWER(t1.AUTHORS_NAME) LIKE CONCAT(CONCAT(?, ?), ?)) OR LOWER(t2.PUBLİSHER_NAME) LIKE CONCAT(CONCAT(?, ?), ?)) AND ((t1.İD = t0.BOOK_AUTHOR_İD) AND (t2.İD = t0.BOOK_PUBLİSHER_İD)))
	bind =&gt; [%, , %, %, , %, %, , %, %, , %, %, , %, %, , %, %, , %]
[EL Fine]: sql: 2018-05-30 05:00:28.321--ServerSession(1797717514)--Connection(1297323958)--Thread(Thread[main,5,main])--SELECT İD, PUBLİSHER_DESC, PUBLİSHER_NAME FROM PUBLİSHERS WHERE (İD = ?)
	bind =&gt; [87]
[EL Fine]: sql: 2018-05-30 05:00:28.324--ServerSession(1797717514)--Connection(1297323958)--Thread(Thread[main,5,main])--SELECT İD, İSADMİN, PASSWORD, USERNAME FROM USERS WHERE (İD = ?)
	bind =&gt; [2]
[EL Fine]: sql: 2018-05-30 05:00:28.327--ServerSession(1797717514)--Connection(1297323958)--Thread(Thread[main,5,main])--SELECT İD, PUBLİSHER_DESC, PUBLİSHER_NAME FROM PUBLİSHERS WHERE (İD = ?)
	bind =&gt; [2]
[EL Fine]: sql: 2018-05-30 05:00:28.333--ServerSession(1797717514)--Connection(1297323958)--Thread(Thread[main,5,main])--SELECT İD, PUBLİSHER_DESC, PUBLİSHER_NAME FROM PUBLİSHERS WHERE (İD = ?)
	bind =&gt; [3]
[EL Fine]: sql: 2018-05-30 05:00:28.337--ServerSession(1797717514)--Connection(1297323958)--Thread(Thread[main,5,main])--SELECT İD, İSADMİN, PASSWORD, USERNAME FROM USERS WHERE (İD = ?)
	bind =&gt; [3]
[EL Fine]: sql: 2018-05-30 05:00:28.363--ServerSession(1797717514)--Connection(1297323958)--Thread(Thread[main,5,main])--SELECT İD, AUTHORS_DESC, AUTHORS_NAME FROM AUTHORS WHERE (İD = ?)
	bind =&gt; [1]
</system-out>
  </testcase>
  <testcase classname="com.mhmtnasif.library_app.daoImpl.BooksDaoImplTest" name="findAllByUserId" time="0.052">
    <error type="java.lang.NullPointerException">java.lang.NullPointerException
	at com.mhmtnasif.library_app.daoImpl.BooksDaoImpl.findByAuthorId(BooksDaoImpl.java:106)
	at com.mhmtnasif.library_app.daoImpl.BooksDaoImplTest.setUp(BooksDaoImplTest.java:35)
	at sun.reflect.NativeMethodAccessorImpl.invoke0(Native Method)
	at sun.reflect.NativeMethodAccessorImpl.invoke(NativeMethodAccessorImpl.java:62)
	at sun.reflect.DelegatingMethodAccessorImpl.invoke(DelegatingMethodAccessorImpl.java:43)
	at java.lang.reflect.Method.invoke(Method.java:498)
	at org.junit.runners.model.FrameworkMethod$1.runReflectiveCall(FrameworkMethod.java:50)
	at org.junit.internal.runners.model.ReflectiveCallable.run(ReflectiveCallable.java:12)
	at org.junit.runners.model.FrameworkMethod.invokeExplosively(FrameworkMethod.java:47)
	at org.junit.internal.runners.statements.RunBefores.evaluate(RunBefores.java:24)
	at org.junit.runners.ParentRunner.runLeaf(ParentRunner.java:325)
	at org.junit.runners.BlockJUnit4ClassRunner.runChild(BlockJUnit4ClassRunner.java:78)
	at org.junit.runners.BlockJUnit4ClassRunner.runChild(BlockJUnit4ClassRunner.java:57)
	at org.junit.runners.ParentRunner$3.run(ParentRunner.java:290)
	at org.junit.runners.ParentRunner$1.schedule(ParentRunner.java:71)
	at org.junit.runners.ParentRunner.runChildren(ParentRunner.java:288)
	at org.junit.runners.ParentRunner.access$000(ParentRunner.java:58)
	at org.junit.runners.ParentRunner$2.evaluate(ParentRunner.java:268)
	at org.junit.runners.ParentRunner.run(ParentRunner.java:363)
	at org.apache.maven.surefire.junit4.JUnit4Provider.execute(JUnit4Provider.java:252)
	at org.apache.maven.surefire.junit4.JUnit4Provider.executeTestSet(JUnit4Provider.java:141)
	at org.apache.maven.surefire.junit4.JUnit4Provider.invoke(JUnit4Provider.java:112)
	at sun.reflect.NativeMethodAccessorImpl.invoke0(Native Method)
	at sun.reflect.NativeMethodAccessorImpl.invoke(NativeMethodAccessorImpl.java:62)
	at sun.reflect.DelegatingMethodAccessorImpl.invoke(DelegatingMethodAccessorImpl.java:43)
	at java.lang.reflect.Method.invoke(Method.java:498)
	at org.apache.maven.surefire.util.ReflectionUtils.invokeMethodWithArray(ReflectionUtils.java:189)
	at org.apache.maven.surefire.booter.ProviderFactory$ProviderProxy.invoke(ProviderFactory.java:165)
	at org.apache.maven.surefire.booter.ProviderFactory.invokeProvider(ProviderFactory.java:85)
	at org.apache.maven.surefire.booter.ForkedBooter.runSuitesInProcess(ForkedBooter.java:115)
	at org.apache.maven.surefire.booter.ForkedBooter.main(ForkedBooter.java:75)
</error>
    <system-out>[EL Fine]: sql: 2018-05-30 05:00:28.394--ServerSession(1797717514)--Connection(1297323958)--Thread(Thread[main,5,main])--SELECT t0.İD, t0.BOOK_DESC, t0.BOOK_İSBN, t0.BOOK_NAME, t0.BOOK_SERİAL_NAME, t0.BOOK_SUB_NAME, t0.BOOK_AUTHOR_İD, t0.BOOK_PUBLİSHER_İD, t0.BOOK_USER_İD FROM BOOKS t0, PUBLİSHERS t2, AUTHORS t1 WHERE (((((((LOWER(t0.BOOK_NAME) LIKE CONCAT(CONCAT(?, ?), ?) OR LOWER(t0.BOOK_SUB_NAME) LIKE CONCAT(CONCAT(?, ?), ?)) OR LOWER(t0.BOOK_SERİAL_NAME) LIKE CONCAT(CONCAT(?, ?), ?)) OR LOWER(t0.BOOK_İSBN) LIKE CONCAT(CONCAT(?, ?), ?)) OR LOWER(t0.BOOK_DESC) LIKE CONCAT(CONCAT(?, ?), ?)) OR LOWER(t1.AUTHORS_NAME) LIKE CONCAT(CONCAT(?, ?), ?)) OR LOWER(t2.PUBLİSHER_NAME) LIKE CONCAT(CONCAT(?, ?), ?)) AND ((t1.İD = t0.BOOK_AUTHOR_İD) AND (t2.İD = t0.BOOK_PUBLİSHER_İD)))
	bind =&gt; [%, , %, %, , %, %, , %, %, , %, %, , %, %, , %, %, , %]
[EL Fine]: sql: 2018-05-30 05:00:28.418--ServerSession(1797717514)--Connection(1297323958)--Thread(Thread[main,5,main])--SELECT İD, AUTHORS_DESC, AUTHORS_NAME FROM AUTHORS WHERE (İD = ?)
	bind =&gt; [1]
</system-out>
  </testcase>
  <testcase classname="com.mhmtnasif.library_app.daoImpl.BooksDaoImplTest" name="addBook" time="0.051">
    <error type="java.lang.NullPointerException">java.lang.NullPointerException
	at com.mhmtnasif.library_app.daoImpl.BooksDaoImpl.findByAuthorId(BooksDaoImpl.java:106)
	at com.mhmtnasif.library_app.daoImpl.BooksDaoImplTest.setUp(BooksDaoImplTest.java:35)
	at sun.reflect.NativeMethodAccessorImpl.invoke0(Native Method)
	at sun.reflect.NativeMethodAccessorImpl.invoke(NativeMethodAccessorImpl.java:62)
	at sun.reflect.DelegatingMethodAccessorImpl.invoke(DelegatingMethodAccessorImpl.java:43)
	at java.lang.reflect.Method.invoke(Method.java:498)
	at org.junit.runners.model.FrameworkMethod$1.runReflectiveCall(FrameworkMethod.java:50)
	at org.junit.internal.runners.model.ReflectiveCallable.run(ReflectiveCallable.java:12)
	at org.junit.runners.model.FrameworkMethod.invokeExplosively(FrameworkMethod.java:47)
	at org.junit.internal.runners.statements.RunBefores.evaluate(RunBefores.java:24)
	at org.junit.runners.ParentRunner.runLeaf(ParentRunner.java:325)
	at org.junit.runners.BlockJUnit4ClassRunner.runChild(BlockJUnit4ClassRunner.java:78)
	at org.junit.runners.BlockJUnit4ClassRunner.runChild(BlockJUnit4ClassRunner.java:57)
	at org.junit.runners.ParentRunner$3.run(ParentRunner.java:290)
	at org.junit.runners.ParentRunner$1.schedule(ParentRunner.java:71)
	at org.junit.runners.ParentRunner.runChildren(ParentRunner.java:288)
	at org.junit.runners.ParentRunner.access$000(ParentRunner.java:58)
	at org.junit.runners.ParentRunner$2.evaluate(ParentRunner.java:268)
	at org.junit.runners.ParentRunner.run(ParentRunner.java:363)
	at org.apache.maven.surefire.junit4.JUnit4Provider.execute(JUnit4Provider.java:252)
	at org.apache.maven.surefire.junit4.JUnit4Provider.executeTestSet(JUnit4Provider.java:141)
	at org.apache.maven.surefire.junit4.JUnit4Provider.invoke(JUnit4Provider.java:112)
	at sun.reflect.NativeMethodAccessorImpl.invoke0(Native Method)
	at sun.reflect.NativeMethodAccessorImpl.invoke(NativeMethodAccessorImpl.java:62)
	at sun.reflect.DelegatingMethodAccessorImpl.invoke(DelegatingMethodAccessorImpl.java:43)
	at java.lang.reflect.Method.invoke(Method.java:498)
	at org.apache.maven.surefire.util.ReflectionUtils.invokeMethodWithArray(ReflectionUtils.java:189)
	at org.apache.maven.surefire.booter.ProviderFactory$ProviderProxy.invoke(ProviderFactory.java:165)
	at org.apache.maven.surefire.booter.ProviderFactory.invokeProvider(ProviderFactory.java:85)
	at org.apache.maven.surefire.booter.ForkedBooter.runSuitesInProcess(ForkedBooter.java:115)
	at org.apache.maven.surefire.booter.ForkedBooter.main(ForkedBooter.java:75)
</error>
    <system-out>[EL Fine]: sql: 2018-05-30 05:00:28.445--ServerSession(1797717514)--Connection(1297323958)--Thread(Thread[main,5,main])--SELECT t0.İD, t0.BOOK_DESC, t0.BOOK_İSBN, t0.BOOK_NAME, t0.BOOK_SERİAL_NAME, t0.BOOK_SUB_NAME, t0.BOOK_AUTHOR_İD, t0.BOOK_PUBLİSHER_İD, t0.BOOK_USER_İD FROM BOOKS t0, PUBLİSHERS t2, AUTHORS t1 WHERE (((((((LOWER(t0.BOOK_NAME) LIKE CONCAT(CONCAT(?, ?), ?) OR LOWER(t0.BOOK_SUB_NAME) LIKE CONCAT(CONCAT(?, ?), ?)) OR LOWER(t0.BOOK_SERİAL_NAME) LIKE CONCAT(CONCAT(?, ?), ?)) OR LOWER(t0.BOOK_İSBN) LIKE CONCAT(CONCAT(?, ?), ?)) OR LOWER(t0.BOOK_DESC) LIKE CONCAT(CONCAT(?, ?), ?)) OR LOWER(t1.AUTHORS_NAME) LIKE CONCAT(CONCAT(?, ?), ?)) OR LOWER(t2.PUBLİSHER_NAME) LIKE CONCAT(CONCAT(?, ?), ?)) AND ((t1.İD = t0.BOOK_AUTHOR_İD) AND (t2.İD = t0.BOOK_PUBLİSHER_İD)))
	bind =&gt; [%, , %, %, , %, %, , %, %, , %, %, , %, %, , %, %, , %]
[EL Fine]: sql: 2018-05-30 05:00:28.47--ServerSession(1797717514)--Connection(1297323958)--Thread(Thread[main,5,main])--SELECT İD, AUTHORS_DESC, AUTHORS_NAME FROM AUTHORS WHERE (İD = ?)
	bind =&gt; [1]
</system-out>
  </testcase>
  <testcase classname="com.mhmtnasif.library_app.daoImpl.BooksDaoImplTest" name="deleteBooks" time="0.048">
    <error type="java.lang.NullPointerException">java.lang.NullPointerException
	at com.mhmtnasif.library_app.daoImpl.BooksDaoImpl.findByAuthorId(BooksDaoImpl.java:106)
	at com.mhmtnasif.library_app.daoImpl.BooksDaoImplTest.setUp(BooksDaoImplTest.java:35)
	at sun.reflect.NativeMethodAccessorImpl.invoke0(Native Method)
	at sun.reflect.NativeMethodAccessorImpl.invoke(NativeMethodAccessorImpl.java:62)
	at sun.reflect.DelegatingMethodAccessorImpl.invoke(DelegatingMethodAccessorImpl.java:43)
	at java.lang.reflect.Method.invoke(Method.java:498)
	at org.junit.runners.model.FrameworkMethod$1.runReflectiveCall(FrameworkMethod.java:50)
	at org.junit.internal.runners.model.ReflectiveCallable.run(ReflectiveCallable.java:12)
	at org.junit.runners.model.FrameworkMethod.invokeExplosively(FrameworkMethod.java:47)
	at org.junit.internal.runners.statements.RunBefores.evaluate(RunBefores.java:24)
	at org.junit.runners.ParentRunner.runLeaf(ParentRunner.java:325)
	at org.junit.runners.BlockJUnit4ClassRunner.runChild(BlockJUnit4ClassRunner.java:78)
	at org.junit.runners.BlockJUnit4ClassRunner.runChild(BlockJUnit4ClassRunner.java:57)
	at org.junit.runners.ParentRunner$3.run(ParentRunner.java:290)
	at org.junit.runners.ParentRunner$1.schedule(ParentRunner.java:71)
	at org.junit.runners.ParentRunner.runChildren(ParentRunner.java:288)
	at org.junit.runners.ParentRunner.access$000(ParentRunner.java:58)
	at org.junit.runners.ParentRunner$2.evaluate(ParentRunner.java:268)
	at org.junit.runners.ParentRunner.run(ParentRunner.java:363)
	at org.apache.maven.surefire.junit4.JUnit4Provider.execute(JUnit4Provider.java:252)
	at org.apache.maven.surefire.junit4.JUnit4Provider.executeTestSet(JUnit4Provider.java:141)
	at org.apache.maven.surefire.junit4.JUnit4Provider.invoke(JUnit4Provider.java:112)
	at sun.reflect.NativeMethodAccessorImpl.invoke0(Native Method)
	at sun.reflect.NativeMethodAccessorImpl.invoke(NativeMethodAccessorImpl.java:62)
	at sun.reflect.DelegatingMethodAccessorImpl.invoke(DelegatingMethodAccessorImpl.java:43)
	at java.lang.reflect.Method.invoke(Method.java:498)
	at org.apache.maven.surefire.util.ReflectionUtils.invokeMethodWithArray(ReflectionUtils.java:189)
	at org.apache.maven.surefire.booter.ProviderFactory$ProviderProxy.invoke(ProviderFactory.java:165)
	at org.apache.maven.surefire.booter.ProviderFactory.invokeProvider(ProviderFactory.java:85)
	at org.apache.maven.surefire.booter.ForkedBooter.runSuitesInProcess(ForkedBooter.java:115)
	at org.apache.maven.surefire.booter.ForkedBooter.main(ForkedBooter.java:75)
</error>
    <system-out>[EL Fine]: sql: 2018-05-30 05:00:28.497--ServerSession(1797717514)--Connection(1297323958)--Thread(Thread[main,5,main])--SELECT t0.İD, t0.BOOK_DESC, t0.BOOK_İSBN, t0.BOOK_NAME, t0.BOOK_SERİAL_NAME, t0.BOOK_SUB_NAME, t0.BOOK_AUTHOR_İD, t0.BOOK_PUBLİSHER_İD, t0.BOOK_USER_İD FROM BOOKS t0, PUBLİSHERS t2, AUTHORS t1 WHERE (((((((LOWER(t0.BOOK_NAME) LIKE CONCAT(CONCAT(?, ?), ?) OR LOWER(t0.BOOK_SUB_NAME) LIKE CONCAT(CONCAT(?, ?), ?)) OR LOWER(t0.BOOK_SERİAL_NAME) LIKE CONCAT(CONCAT(?, ?), ?)) OR LOWER(t0.BOOK_İSBN) LIKE CONCAT(CONCAT(?, ?), ?)) OR LOWER(t0.BOOK_DESC) LIKE CONCAT(CONCAT(?, ?), ?)) OR LOWER(t1.AUTHORS_NAME) LIKE CONCAT(CONCAT(?, ?), ?)) OR LOWER(t2.PUBLİSHER_NAME) LIKE CONCAT(CONCAT(?, ?), ?)) AND ((t1.İD = t0.BOOK_AUTHOR_İD) AND (t2.İD = t0.BOOK_PUBLİSHER_İD)))
	bind =&gt; [%, , %, %, , %, %, , %, %, , %, %, , %, %, , %, %, , %]
[EL Fine]: sql: 2018-05-30 05:00:28.518--ServerSession(1797717514)--Connection(1297323958)--Thread(Thread[main,5,main])--SELECT İD, AUTHORS_DESC, AUTHORS_NAME FROM AUTHORS WHERE (İD = ?)
	bind =&gt; [1]
</system-out>
  </testcase>
  <testcase classname="com.mhmtnasif.library_app.daoImpl.BooksDaoImplTest" name="findAll" time="0.049">
    <error type="java.lang.NullPointerException">java.lang.NullPointerException
	at com.mhmtnasif.library_app.daoImpl.BooksDaoImpl.findByAuthorId(BooksDaoImpl.java:106)
	at com.mhmtnasif.library_app.daoImpl.BooksDaoImplTest.setUp(BooksDaoImplTest.java:35)
	at sun.reflect.NativeMethodAccessorImpl.invoke0(Native Method)
	at sun.reflect.NativeMethodAccessorImpl.invoke(NativeMethodAccessorImpl.java:62)
	at sun.reflect.DelegatingMethodAccessorImpl.invoke(DelegatingMethodAccessorImpl.java:43)
	at java.lang.reflect.Method.invoke(Method.java:498)
	at org.junit.runners.model.FrameworkMethod$1.runReflectiveCall(FrameworkMethod.java:50)
	at org.junit.internal.runners.model.ReflectiveCallable.run(ReflectiveCallable.java:12)
	at org.junit.runners.model.FrameworkMethod.invokeExplosively(FrameworkMethod.java:47)
	at org.junit.internal.runners.statements.RunBefores.evaluate(RunBefores.java:24)
	at org.junit.runners.ParentRunner.runLeaf(ParentRunner.java:325)
	at org.junit.runners.BlockJUnit4ClassRunner.runChild(BlockJUnit4ClassRunner.java:78)
	at org.junit.runners.BlockJUnit4ClassRunner.runChild(BlockJUnit4ClassRunner.java:57)
	at org.junit.runners.ParentRunner$3.run(ParentRunner.java:290)
	at org.junit.runners.ParentRunner$1.schedule(ParentRunner.java:71)
	at org.junit.runners.ParentRunner.runChildren(ParentRunner.java:288)
	at org.junit.runners.ParentRunner.access$000(ParentRunner.java:58)
	at org.junit.runners.ParentRunner$2.evaluate(ParentRunner.java:268)
	at org.junit.runners.ParentRunner.run(ParentRunner.java:363)
	at org.apache.maven.surefire.junit4.JUnit4Provider.execute(JUnit4Provider.java:252)
	at org.apache.maven.surefire.junit4.JUnit4Provider.executeTestSet(JUnit4Provider.java:141)
	at org.apache.maven.surefire.junit4.JUnit4Provider.invoke(JUnit4Provider.java:112)
	at sun.reflect.NativeMethodAccessorImpl.invoke0(Native Method)
	at sun.reflect.NativeMethodAccessorImpl.invoke(NativeMethodAccessorImpl.java:62)
	at sun.reflect.DelegatingMethodAccessorImpl.invoke(DelegatingMethodAccessorImpl.java:43)
	at java.lang.reflect.Method.invoke(Method.java:498)
	at org.apache.maven.surefire.util.ReflectionUtils.invokeMethodWithArray(ReflectionUtils.java:189)
	at org.apache.maven.surefire.booter.ProviderFactory$ProviderProxy.invoke(ProviderFactory.java:165)
	at org.apache.maven.surefire.booter.ProviderFactory.invokeProvider(ProviderFactory.java:85)
	at org.apache.maven.surefire.booter.ForkedBooter.runSuitesInProcess(ForkedBooter.java:115)
	at org.apache.maven.surefire.booter.ForkedBooter.main(ForkedBooter.java:75)
</error>
    <system-out>[EL Fine]: sql: 2018-05-30 05:00:28.545--ServerSession(1797717514)--Connection(1297323958)--Thread(Thread[main,5,main])--SELECT t0.İD, t0.BOOK_DESC, t0.BOOK_İSBN, t0.BOOK_NAME, t0.BOOK_SERİAL_NAME, t0.BOOK_SUB_NAME, t0.BOOK_AUTHOR_İD, t0.BOOK_PUBLİSHER_İD, t0.BOOK_USER_İD FROM BOOKS t0, PUBLİSHERS t2, AUTHORS t1 WHERE (((((((LOWER(t0.BOOK_NAME) LIKE CONCAT(CONCAT(?, ?), ?) OR LOWER(t0.BOOK_SUB_NAME) LIKE CONCAT(CONCAT(?, ?), ?)) OR LOWER(t0.BOOK_SERİAL_NAME) LIKE CONCAT(CONCAT(?, ?), ?)) OR LOWER(t0.BOOK_İSBN) LIKE CONCAT(CONCAT(?, ?), ?)) OR LOWER(t0.BOOK_DESC) LIKE CONCAT(CONCAT(?, ?), ?)) OR LOWER(t1.AUTHORS_NAME) LIKE CONCAT(CONCAT(?, ?), ?)) OR LOWER(t2.PUBLİSHER_NAME) LIKE CONCAT(CONCAT(?, ?), ?)) AND ((t1.İD = t0.BOOK_AUTHOR_İD) AND (t2.İD = t0.BOOK_PUBLİSHER_İD)))
	bind =&gt; [%, , %, %, , %, %, , %, %, , %, %, , %, %, , %, %, , %]
[EL Fine]: sql: 2018-05-30 05:00:28.568--ServerSession(1797717514)--Connection(1297323958)--Thread(Thread[main,5,main])--SELECT İD, AUTHORS_DESC, AUTHORS_NAME FROM AUTHORS WHERE (İD = ?)
	bind =&gt; [1]
</system-out>
  </testcase>
  <testcase classname="com.mhmtnasif.library_app.daoImpl.BooksDaoImplTest" name="findByPublisherId" time="0.067">
    <error type="java.lang.NullPointerException">java.lang.NullPointerException
	at com.mhmtnasif.library_app.daoImpl.BooksDaoImpl.findByAuthorId(BooksDaoImpl.java:106)
	at com.mhmtnasif.library_app.daoImpl.BooksDaoImplTest.setUp(BooksDaoImplTest.java:35)
	at sun.reflect.NativeMethodAccessorImpl.invoke0(Native Method)
	at sun.reflect.NativeMethodAccessorImpl.invoke(NativeMethodAccessorImpl.java:62)
	at sun.reflect.DelegatingMethodAccessorImpl.invoke(DelegatingMethodAccessorImpl.java:43)
	at java.lang.reflect.Method.invoke(Method.java:498)
	at org.junit.runners.model.FrameworkMethod$1.runReflectiveCall(FrameworkMethod.java:50)
	at org.junit.internal.runners.model.ReflectiveCallable.run(ReflectiveCallable.java:12)
	at org.junit.runners.model.FrameworkMethod.invokeExplosively(FrameworkMethod.java:47)
	at org.junit.internal.runners.statements.RunBefores.evaluate(RunBefores.java:24)
	at org.junit.runners.ParentRunner.runLeaf(ParentRunner.java:325)
	at org.junit.runners.BlockJUnit4ClassRunner.runChild(BlockJUnit4ClassRunner.java:78)
	at org.junit.runners.BlockJUnit4ClassRunner.runChild(BlockJUnit4ClassRunner.java:57)
	at org.junit.runners.ParentRunner$3.run(ParentRunner.java:290)
	at org.junit.runners.ParentRunner$1.schedule(ParentRunner.java:71)
	at org.junit.runners.ParentRunner.runChildren(ParentRunner.java:288)
	at org.junit.runners.ParentRunner.access$000(ParentRunner.java:58)
	at org.junit.runners.ParentRunner$2.evaluate(ParentRunner.java:268)
	at org.junit.runners.ParentRunner.run(ParentRunner.java:363)
	at org.apache.maven.surefire.junit4.JUnit4Provider.execute(JUnit4Provider.java:252)
	at org.apache.maven.surefire.junit4.JUnit4Provider.executeTestSet(JUnit4Provider.java:141)
	at org.apache.maven.surefire.junit4.JUnit4Provider.invoke(JUnit4Provider.java:112)
	at sun.reflect.NativeMethodAccessorImpl.invoke0(Native Method)
	at sun.reflect.NativeMethodAccessorImpl.invoke(NativeMethodAccessorImpl.java:62)
	at sun.reflect.DelegatingMethodAccessorImpl.invoke(DelegatingMethodAccessorImpl.java:43)
	at java.lang.reflect.Method.invoke(Method.java:498)
	at org.apache.maven.surefire.util.ReflectionUtils.invokeMethodWithArray(ReflectionUtils.java:189)
	at org.apache.maven.surefire.booter.ProviderFactory$ProviderProxy.invoke(ProviderFactory.java:165)
	at org.apache.maven.surefire.booter.ProviderFactory.invokeProvider(ProviderFactory.java:85)
	at org.apache.maven.surefire.booter.ForkedBooter.runSuitesInProcess(ForkedBooter.java:115)
	at org.apache.maven.surefire.booter.ForkedBooter.main(ForkedBooter.java:75)
</error>
    <system-out>[EL Fine]: sql: 2018-05-30 05:00:28.596--ServerSession(1797717514)--Connection(1297323958)--Thread(Thread[main,5,main])--SELECT t0.İD, t0.BOOK_DESC, t0.BOOK_İSBN, t0.BOOK_NAME, t0.BOOK_SERİAL_NAME, t0.BOOK_SUB_NAME, t0.BOOK_AUTHOR_İD, t0.BOOK_PUBLİSHER_İD, t0.BOOK_USER_İD FROM BOOKS t0, PUBLİSHERS t2, AUTHORS t1 WHERE (((((((LOWER(t0.BOOK_NAME) LIKE CONCAT(CONCAT(?, ?), ?) OR LOWER(t0.BOOK_SUB_NAME) LIKE CONCAT(CONCAT(?, ?), ?)) OR LOWER(t0.BOOK_SERİAL_NAME) LIKE CONCAT(CONCAT(?, ?), ?)) OR LOWER(t0.BOOK_İSBN) LIKE CONCAT(CONCAT(?, ?), ?)) OR LOWER(t0.BOOK_DESC) LIKE CONCAT(CONCAT(?, ?), ?)) OR LOWER(t1.AUTHORS_NAME) LIKE CONCAT(CONCAT(?, ?), ?)) OR LOWER(t2.PUBLİSHER_NAME) LIKE CONCAT(CONCAT(?, ?), ?)) AND ((t1.İD = t0.BOOK_AUTHOR_İD) AND (t2.İD = t0.BOOK_PUBLİSHER_İD)))
	bind =&gt; [%, , %, %, , %, %, , %, %, , %, %, , %, %, , %, %, , %]
[EL Fine]: sql: 2018-05-30 05:00:28.633--ServerSession(1797717514)--Connection(1297323958)--Thread(Thread[main,5,main])--SELECT İD, AUTHORS_DESC, AUTHORS_NAME FROM AUTHORS WHERE (İD = ?)
	bind =&gt; [1]
</system-out>
  </testcase>
  <testcase classname="com.mhmtnasif.library_app.daoImpl.BooksDaoImplTest" name="updateBook" time="0.055">
    <error type="java.lang.NullPointerException">java.lang.NullPointerException
	at com.mhmtnasif.library_app.daoImpl.BooksDaoImpl.findByAuthorId(BooksDaoImpl.java:106)
	at com.mhmtnasif.library_app.daoImpl.BooksDaoImplTest.setUp(BooksDaoImplTest.java:35)
	at sun.reflect.NativeMethodAccessorImpl.invoke0(Native Method)
	at sun.reflect.NativeMethodAccessorImpl.invoke(NativeMethodAccessorImpl.java:62)
	at sun.reflect.DelegatingMethodAccessorImpl.invoke(DelegatingMethodAccessorImpl.java:43)
	at java.lang.reflect.Method.invoke(Method.java:498)
	at org.junit.runners.model.FrameworkMethod$1.runReflectiveCall(FrameworkMethod.java:50)
	at org.junit.internal.runners.model.ReflectiveCallable.run(ReflectiveCallable.java:12)
	at org.junit.runners.model.FrameworkMethod.invokeExplosively(FrameworkMethod.java:47)
	at org.junit.internal.runners.statements.RunBefores.evaluate(RunBefores.java:24)
	at org.junit.runners.ParentRunner.runLeaf(ParentRunner.java:325)
	at org.junit.runners.BlockJUnit4ClassRunner.runChild(BlockJUnit4ClassRunner.java:78)
	at org.junit.runners.BlockJUnit4ClassRunner.runChild(BlockJUnit4ClassRunner.java:57)
	at org.junit.runners.ParentRunner$3.run(ParentRunner.java:290)
	at org.junit.runners.ParentRunner$1.schedule(ParentRunner.java:71)
	at org.junit.runners.ParentRunner.runChildren(ParentRunner.java:288)
	at org.junit.runners.ParentRunner.access$000(ParentRunner.java:58)
	at org.junit.runners.ParentRunner$2.evaluate(ParentRunner.java:268)
	at org.junit.runners.ParentRunner.run(ParentRunner.java:363)
	at org.apache.maven.surefire.junit4.JUnit4Provider.execute(JUnit4Provider.java:252)
	at org.apache.maven.surefire.junit4.JUnit4Provider.executeTestSet(JUnit4Provider.java:141)
	at org.apache.maven.surefire.junit4.JUnit4Provider.invoke(JUnit4Provider.java:112)
	at sun.reflect.NativeMethodAccessorImpl.invoke0(Native Method)
	at sun.reflect.NativeMethodAccessorImpl.invoke(NativeMethodAccessorImpl.java:62)
	at sun.reflect.DelegatingMethodAccessorImpl.invoke(DelegatingMethodAccessorImpl.java:43)
	at java.lang.reflect.Method.invoke(Method.java:498)
	at org.apache.maven.surefire.util.ReflectionUtils.invokeMethodWithArray(ReflectionUtils.java:189)
	at org.apache.maven.surefire.booter.ProviderFactory$ProviderProxy.invoke(ProviderFactory.java:165)
	at org.apache.maven.surefire.booter.ProviderFactory.invokeProvider(ProviderFactory.java:85)
	at org.apache.maven.surefire.booter.ForkedBooter.runSuitesInProcess(ForkedBooter.java:115)
	at org.apache.maven.surefire.booter.ForkedBooter.main(ForkedBooter.java:75)
</error>
    <system-out>[EL Fine]: sql: 2018-05-30 05:00:28.662--ServerSession(1797717514)--Connection(1297323958)--Thread(Thread[main,5,main])--SELECT t0.İD, t0.BOOK_DESC, t0.BOOK_İSBN, t0.BOOK_NAME, t0.BOOK_SERİAL_NAME, t0.BOOK_SUB_NAME, t0.BOOK_AUTHOR_İD, t0.BOOK_PUBLİSHER_İD, t0.BOOK_USER_İD FROM BOOKS t0, PUBLİSHERS t2, AUTHORS t1 WHERE (((((((LOWER(t0.BOOK_NAME) LIKE CONCAT(CONCAT(?, ?), ?) OR LOWER(t0.BOOK_SUB_NAME) LIKE CONCAT(CONCAT(?, ?), ?)) OR LOWER(t0.BOOK_SERİAL_NAME) LIKE CONCAT(CONCAT(?, ?), ?)) OR LOWER(t0.BOOK_İSBN) LIKE CONCAT(CONCAT(?, ?), ?)) OR LOWER(t0.BOOK_DESC) LIKE CONCAT(CONCAT(?, ?), ?)) OR LOWER(t1.AUTHORS_NAME) LIKE CONCAT(CONCAT(?, ?), ?)) OR LOWER(t2.PUBLİSHER_NAME) LIKE CONCAT(CONCAT(?, ?), ?)) AND ((t1.İD = t0.BOOK_AUTHOR_İD) AND (t2.İD = t0.BOOK_PUBLİSHER_İD)))
	bind =&gt; [%, , %, %, , %, %, , %, %, , %, %, , %, %, , %, %, , %]
[EL Fine]: sql: 2018-05-30 05:00:28.688--ServerSession(1797717514)--Connection(1297323958)--Thread(Thread[main,5,main])--SELECT İD, AUTHORS_DESC, AUTHORS_NAME FROM AUTHORS WHERE (İD = ?)
	bind =&gt; [1]
</system-out>
  </testcase>
  <testcase classname="com.mhmtnasif.library_app.daoImpl.BooksDaoImplTest" name="findByRange" time="0.057">
    <error type="java.lang.NullPointerException">java.lang.NullPointerException
	at com.mhmtnasif.library_app.daoImpl.BooksDaoImpl.findByAuthorId(BooksDaoImpl.java:106)
	at com.mhmtnasif.library_app.daoImpl.BooksDaoImplTest.setUp(BooksDaoImplTest.java:35)
	at sun.reflect.NativeMethodAccessorImpl.invoke0(Native Method)
	at sun.reflect.NativeMethodAccessorImpl.invoke(NativeMethodAccessorImpl.java:62)
	at sun.reflect.DelegatingMethodAccessorImpl.invoke(DelegatingMethodAccessorImpl.java:43)
	at java.lang.reflect.Method.invoke(Method.java:498)
	at org.junit.runners.model.FrameworkMethod$1.runReflectiveCall(FrameworkMethod.java:50)
	at org.junit.internal.runners.model.ReflectiveCallable.run(ReflectiveCallable.java:12)
	at org.junit.runners.model.FrameworkMethod.invokeExplosively(FrameworkMethod.java:47)
	at org.junit.internal.runners.statements.RunBefores.evaluate(RunBefores.java:24)
	at org.junit.runners.ParentRunner.runLeaf(ParentRunner.java:325)
	at org.junit.runners.BlockJUnit4ClassRunner.runChild(BlockJUnit4ClassRunner.java:78)
	at org.junit.runners.BlockJUnit4ClassRunner.runChild(BlockJUnit4ClassRunner.java:57)
	at org.junit.runners.ParentRunner$3.run(ParentRunner.java:290)
	at org.junit.runners.ParentRunner$1.schedule(ParentRunner.java:71)
	at org.junit.runners.ParentRunner.runChildren(ParentRunner.java:288)
	at org.junit.runners.ParentRunner.access$000(ParentRunner.java:58)
	at org.junit.runners.ParentRunner$2.evaluate(ParentRunner.java:268)
	at org.junit.runners.ParentRunner.run(ParentRunner.java:363)
	at org.apache.maven.surefire.junit4.JUnit4Provider.execute(JUnit4Provider.java:252)
	at org.apache.maven.surefire.junit4.JUnit4Provider.executeTestSet(JUnit4Provider.java:141)
	at org.apache.maven.surefire.junit4.JUnit4Provider.invoke(JUnit4Provider.java:112)
	at sun.reflect.NativeMethodAccessorImpl.invoke0(Native Method)
	at sun.reflect.NativeMethodAccessorImpl.invoke(NativeMethodAccessorImpl.java:62)
	at sun.reflect.DelegatingMethodAccessorImpl.invoke(DelegatingMethodAccessorImpl.java:43)
	at java.lang.reflect.Method.invoke(Method.java:498)
	at org.apache.maven.surefire.util.ReflectionUtils.invokeMethodWithArray(ReflectionUtils.java:189)
	at org.apache.maven.surefire.booter.ProviderFactory$ProviderProxy.invoke(ProviderFactory.java:165)
	at org.apache.maven.surefire.booter.ProviderFactory.invokeProvider(ProviderFactory.java:85)
	at org.apache.maven.surefire.booter.ForkedBooter.runSuitesInProcess(ForkedBooter.java:115)
	at org.apache.maven.surefire.booter.ForkedBooter.main(ForkedBooter.java:75)
</error>
    <system-out>[EL Fine]: sql: 2018-05-30 05:00:28.719--ServerSession(1797717514)--Connection(1297323958)--Thread(Thread[main,5,main])--SELECT t0.İD, t0.BOOK_DESC, t0.BOOK_İSBN, t0.BOOK_NAME, t0.BOOK_SERİAL_NAME, t0.BOOK_SUB_NAME, t0.BOOK_AUTHOR_İD, t0.BOOK_PUBLİSHER_İD, t0.BOOK_USER_İD FROM BOOKS t0, PUBLİSHERS t2, AUTHORS t1 WHERE (((((((LOWER(t0.BOOK_NAME) LIKE CONCAT(CONCAT(?, ?), ?) OR LOWER(t0.BOOK_SUB_NAME) LIKE CONCAT(CONCAT(?, ?), ?)) OR LOWER(t0.BOOK_SERİAL_NAME) LIKE CONCAT(CONCAT(?, ?), ?)) OR LOWER(t0.BOOK_İSBN) LIKE CONCAT(CONCAT(?, ?), ?)) OR LOWER(t0.BOOK_DESC) LIKE CONCAT(CONCAT(?, ?), ?)) OR LOWER(t1.AUTHORS_NAME) LIKE CONCAT(CONCAT(?, ?), ?)) OR LOWER(t2.PUBLİSHER_NAME) LIKE CONCAT(CONCAT(?, ?), ?)) AND ((t1.İD = t0.BOOK_AUTHOR_İD) AND (t2.İD = t0.BOOK_PUBLİSHER_İD)))
	bind =&gt; [%, , %, %, , %, %, , %, %, , %, %, , %, %, , %, %, , %]
[EL Fine]: sql: 2018-05-30 05:00:28.746--ServerSession(1797717514)--Connection(1297323958)--Thread(Thread[main,5,main])--SELECT İD, AUTHORS_DESC, AUTHORS_NAME FROM AUTHORS WHERE (İD = ?)
	bind =&gt; [1]
</system-out>
  </testcase>
  <testcase classname="com.mhmtnasif.library_app.daoImpl.BooksDaoImplTest" name="findByRangeForSpecificUser" time="0.079">
    <error type="java.lang.NullPointerException">java.lang.NullPointerException
	at com.mhmtnasif.library_app.daoImpl.BooksDaoImpl.findByAuthorId(BooksDaoImpl.java:106)
	at com.mhmtnasif.library_app.daoImpl.BooksDaoImplTest.setUp(BooksDaoImplTest.java:35)
	at sun.reflect.NativeMethodAccessorImpl.invoke0(Native Method)
	at sun.reflect.NativeMethodAccessorImpl.invoke(NativeMethodAccessorImpl.java:62)
	at sun.reflect.DelegatingMethodAccessorImpl.invoke(DelegatingMethodAccessorImpl.java:43)
	at java.lang.reflect.Method.invoke(Method.java:498)
	at org.junit.runners.model.FrameworkMethod$1.runReflectiveCall(FrameworkMethod.java:50)
	at org.junit.internal.runners.model.ReflectiveCallable.run(ReflectiveCallable.java:12)
	at org.junit.runners.model.FrameworkMethod.invokeExplosively(FrameworkMethod.java:47)
	at org.junit.internal.runners.statements.RunBefores.evaluate(RunBefores.java:24)
	at org.junit.runners.ParentRunner.runLeaf(ParentRunner.java:325)
	at org.junit.runners.BlockJUnit4ClassRunner.runChild(BlockJUnit4ClassRunner.java:78)
	at org.junit.runners.BlockJUnit4ClassRunner.runChild(BlockJUnit4ClassRunner.java:57)
	at org.junit.runners.ParentRunner$3.run(ParentRunner.java:290)
	at org.junit.runners.ParentRunner$1.schedule(ParentRunner.java:71)
	at org.junit.runners.ParentRunner.runChildren(ParentRunner.java:288)
	at org.junit.runners.ParentRunner.access$000(ParentRunner.java:58)
	at org.junit.runners.ParentRunner$2.evaluate(ParentRunner.java:268)
	at org.junit.runners.ParentRunner.run(ParentRunner.java:363)
	at org.apache.maven.surefire.junit4.JUnit4Provider.execute(JUnit4Provider.java:252)
	at org.apache.maven.surefire.junit4.JUnit4Provider.executeTestSet(JUnit4Provider.java:141)
	at org.apache.maven.surefire.junit4.JUnit4Provider.invoke(JUnit4Provider.java:112)
	at sun.reflect.NativeMethodAccessorImpl.invoke0(Native Method)
	at sun.reflect.NativeMethodAccessorImpl.invoke(NativeMethodAccessorImpl.java:62)
	at sun.reflect.DelegatingMethodAccessorImpl.invoke(DelegatingMethodAccessorImpl.java:43)
	at java.lang.reflect.Method.invoke(Method.java:498)
	at org.apache.maven.surefire.util.ReflectionUtils.invokeMethodWithArray(ReflectionUtils.java:189)
	at org.apache.maven.surefire.booter.ProviderFactory$ProviderProxy.invoke(ProviderFactory.java:165)
	at org.apache.maven.surefire.booter.ProviderFactory.invokeProvider(ProviderFactory.java:85)
	at org.apache.maven.surefire.booter.ForkedBooter.runSuitesInProcess(ForkedBooter.java:115)
	at org.apache.maven.surefire.booter.ForkedBooter.main(ForkedBooter.java:75)
</error>
    <system-out>[EL Fine]: sql: 2018-05-30 05:00:28.775--ServerSession(1797717514)--Connection(1297323958)--Thread(Thread[main,5,main])--SELECT t0.İD, t0.BOOK_DESC, t0.BOOK_İSBN, t0.BOOK_NAME, t0.BOOK_SERİAL_NAME, t0.BOOK_SUB_NAME, t0.BOOK_AUTHOR_İD, t0.BOOK_PUBLİSHER_İD, t0.BOOK_USER_İD FROM BOOKS t0, PUBLİSHERS t2, AUTHORS t1 WHERE (((((((LOWER(t0.BOOK_NAME) LIKE CONCAT(CONCAT(?, ?), ?) OR LOWER(t0.BOOK_SUB_NAME) LIKE CONCAT(CONCAT(?, ?), ?)) OR LOWER(t0.BOOK_SERİAL_NAME) LIKE CONCAT(CONCAT(?, ?), ?)) OR LOWER(t0.BOOK_İSBN) LIKE CONCAT(CONCAT(?, ?), ?)) OR LOWER(t0.BOOK_DESC) LIKE CONCAT(CONCAT(?, ?), ?)) OR LOWER(t1.AUTHORS_NAME) LIKE CONCAT(CONCAT(?, ?), ?)) OR LOWER(t2.PUBLİSHER_NAME) LIKE CONCAT(CONCAT(?, ?), ?)) AND ((t1.İD = t0.BOOK_AUTHOR_İD) AND (t2.İD = t0.BOOK_PUBLİSHER_İD)))
	bind =&gt; [%, , %, %, , %, %, , %, %, , %, %, , %, %, , %, %, , %]
[EL Fine]: sql: 2018-05-30 05:00:28.797--ServerSession(1797717514)--Connection(1297323958)--Thread(Thread[main,5,main])--SELECT İD, AUTHORS_DESC, AUTHORS_NAME FROM AUTHORS WHERE (İD = ?)
	bind =&gt; [1]
</system-out>
  </testcase>
  <testcase classname="com.mhmtnasif.library_app.daoImpl.BooksDaoImplTest" name="deleteBook" time="0.082">
    <error type="java.lang.NullPointerException">java.lang.NullPointerException
	at com.mhmtnasif.library_app.daoImpl.BooksDaoImpl.findByAuthorId(BooksDaoImpl.java:106)
	at com.mhmtnasif.library_app.daoImpl.BooksDaoImplTest.setUp(BooksDaoImplTest.java:35)
	at sun.reflect.NativeMethodAccessorImpl.invoke0(Native Method)
	at sun.reflect.NativeMethodAccessorImpl.invoke(NativeMethodAccessorImpl.java:62)
	at sun.reflect.DelegatingMethodAccessorImpl.invoke(DelegatingMethodAccessorImpl.java:43)
	at java.lang.reflect.Method.invoke(Method.java:498)
	at org.junit.runners.model.FrameworkMethod$1.runReflectiveCall(FrameworkMethod.java:50)
	at org.junit.internal.runners.model.ReflectiveCallable.run(ReflectiveCallable.java:12)
	at org.junit.runners.model.FrameworkMethod.invokeExplosively(FrameworkMethod.java:47)
	at org.junit.internal.runners.statements.RunBefores.evaluate(RunBefores.java:24)
	at org.junit.runners.ParentRunner.runLeaf(ParentRunner.java:325)
	at org.junit.runners.BlockJUnit4ClassRunner.runChild(BlockJUnit4ClassRunner.java:78)
	at org.junit.runners.BlockJUnit4ClassRunner.runChild(BlockJUnit4ClassRunner.java:57)
	at org.junit.runners.ParentRunner$3.run(ParentRunner.java:290)
	at org.junit.runners.ParentRunner$1.schedule(ParentRunner.java:71)
	at org.junit.runners.ParentRunner.runChildren(ParentRunner.java:288)
	at org.junit.runners.ParentRunner.access$000(ParentRunner.java:58)
	at org.junit.runners.ParentRunner$2.evaluate(ParentRunner.java:268)
	at org.junit.runners.ParentRunner.run(ParentRunner.java:363)
	at org.apache.maven.surefire.junit4.JUnit4Provider.execute(JUnit4Provider.java:252)
	at org.apache.maven.surefire.junit4.JUnit4Provider.executeTestSet(JUnit4Provider.java:141)
	at org.apache.maven.surefire.junit4.JUnit4Provider.invoke(JUnit4Provider.java:112)
	at sun.reflect.NativeMethodAccessorImpl.invoke0(Native Method)
	at sun.reflect.NativeMethodAccessorImpl.invoke(NativeMethodAccessorImpl.java:62)
	at sun.reflect.DelegatingMethodAccessorImpl.invoke(DelegatingMethodAccessorImpl.java:43)
	at java.lang.reflect.Method.invoke(Method.java:498)
	at org.apache.maven.surefire.util.ReflectionUtils.invokeMethodWithArray(ReflectionUtils.java:189)
	at org.apache.maven.surefire.booter.ProviderFactory$ProviderProxy.invoke(ProviderFactory.java:165)
	at org.apache.maven.surefire.booter.ProviderFactory.invokeProvider(ProviderFactory.java:85)
	at org.apache.maven.surefire.booter.ForkedBooter.runSuitesInProcess(ForkedBooter.java:115)
	at org.apache.maven.surefire.booter.ForkedBooter.main(ForkedBooter.java:75)
</error>
    <system-out>[EL Config]: connection: 2018-05-30 05:00:28.851--ServerSession(1062334031)--Connection(1415884075)--Thread(Thread[Finalizer,8,system])--disconnect
[EL Info]: connection: 2018-05-30 05:00:28.852--ServerSession(1062334031)--Thread(Thread[Finalizer,8,system])--/file:/C:/Users/mhmtnasif/Library-Application/target/generated-classes/cobertura/_LibraryPersistenceUnit logout successful
[EL Config]: connection: 2018-05-30 05:00:28.853--ServerSession(1062334031)--Connection(981742471)--Thread(Thread[Finalizer,8,system])--disconnect
[EL Warning]: 2018-05-30 05:00:28.853--Thread(Thread[Finalizer,8,system])--session_manager_no_partition
[EL Fine]: sql: 2018-05-30 05:00:28.859--ServerSession(1797717514)--Connection(1297323958)--Thread(Thread[main,5,main])--SELECT t0.İD, t0.BOOK_DESC, t0.BOOK_İSBN, t0.BOOK_NAME, t0.BOOK_SERİAL_NAME, t0.BOOK_SUB_NAME, t0.BOOK_AUTHOR_İD, t0.BOOK_PUBLİSHER_İD, t0.BOOK_USER_İD FROM BOOKS t0, PUBLİSHERS t2, AUTHORS t1 WHERE (((((((LOWER(t0.BOOK_NAME) LIKE CONCAT(CONCAT(?, ?), ?) OR LOWER(t0.BOOK_SUB_NAME) LIKE CONCAT(CONCAT(?, ?), ?)) OR LOWER(t0.BOOK_SERİAL_NAME) LIKE CONCAT(CONCAT(?, ?), ?)) OR LOWER(t0.BOOK_İSBN) LIKE CONCAT(CONCAT(?, ?), ?)) OR LOWER(t0.BOOK_DESC) LIKE CONCAT(CONCAT(?, ?), ?)) OR LOWER(t1.AUTHORS_NAME) LIKE CONCAT(CONCAT(?, ?), ?)) OR LOWER(t2.PUBLİSHER_NAME) LIKE CONCAT(CONCAT(?, ?), ?)) AND ((t1.İD = t0.BOOK_AUTHOR_İD) AND (t2.İD = t0.BOOK_PUBLİSHER_İD)))
	bind =&gt; [%, , %, %, , %, %, , %, %, , %, %, , %, %, , %, %, , %]
[EL Fine]: sql: 2018-05-30 05:00:28.905--ServerSession(1797717514)--Connection(1297323958)--Thread(Thread[main,5,main])--SELECT İD, AUTHORS_DESC, AUTHORS_NAME FROM AUTHORS WHERE (İD = ?)
	bind =&gt; [1]
</system-out>
  </testcase>
</testsuite>